{"meta": {"format": 3, "version": "7.13.5", "timestamp": "2026-05-07T11:58:41.953435", "branch_coverage": false, "show_contexts": false}, "files": {"src/__init__.py": {"executed_lines": [], "summary": {"covered_lines": 0, "num_statements": 0, "percent_covered": 100.0, "percent_covered_display": "100", "missing_lines": 0, "excluded_lines": 0, "percent_statements_covered": 100.0, "percent_statements_covered_display": "100"}, "missing_lines": [], "excluded_lines": [], "functions": {"": {"executed_lines": [], "summary": {"covered_lines": 0, "num_statements": 0, "percent_covered": 100.0, "percent_covered_display": "100", "missing_lines": 0, "excluded_lines": 0, "percent_statements_covered": 100.0, "percent_statements_covered_display": "100"}, "missing_lines": [], "excluded_lines": [], "start_line": 1}}, "classes": {"": {"executed_lines": [], "summary": {"covered_lines": 0, "num_statements": 0, "percent_covered": 100.0, "percent_covered_display": "100", "missing_lines": 0, "excluded_lines": 0, "percent_statements_covered": 100.0, "percent_statements_covered_display": "100"}, "missing_lines": [], "excluded_lines": [], "start_line": 1}}}, "src/context_mapper_json_converter/__init__.py": {"executed_lines": [7, 8, 9, 11, 12, 13, 14, 15, 28, 29, 35, 36, 53, 55], "summary": {"covered_lines": 14, "num_statements": 14, "percent_covered": 100.0, "percent_covered_display": "100", "missing_lines": 0, "excluded_lines": 0, "percent_statements_covered": 100.0, "percent_statements_covered_display": "100"}, "missing_lines": [], "excluded_lines": [], "functions": {"": {"executed_lines": [7, 8, 9, 11, 12, 13, 14, 15, 28, 29, 35, 36, 53, 55], "summary": {"covered_lines": 14, "num_statements": 14, "percent_covered": 100.0, "percent_covered_display": "100", "missing_lines": 0, "excluded_lines": 0, "percent_statements_covered": 100.0, "percent_statements_covered_display": "100"}, "missing_lines": [], "excluded_lines": [], "start_line": 1}}, "classes": {"": {"executed_lines": [7, 8, 9, 11, 12, 13, 14, 15, 28, 29, 35, 36, 53, 55], "summary": {"covered_lines": 14, "num_statements": 14, "percent_covered": 100.0, "percent_covered_display": "100", "missing_lines": 0, "excluded_lines": 0, "percent_statements_covered": 100.0, "percent_statements_covered_display": "100"}, "missing_lines": [], "excluded_lines": [], "start_line": 1}}}, "src/context_mapper_json_converter/cli.py": {"executed_lines": [6, 7, 8, 9, 10, 12, 14, 15, 16, 17, 18, 19, 22, 23, 24, 25, 28, 29, 32, 37, 42, 43, 49, 68, 69, 70, 72, 74, 75, 76, 79, 82, 83, 85, 86, 87, 89, 90, 91, 94, 95, 97, 98, 99, 100, 103, 104, 105, 106, 107, 109, 111, 114, 115, 117, 118, 119, 120, 121, 123, 126, 127, 133, 134, 135, 138, 139, 140, 142, 145, 146, 147, 148, 150, 151, 152, 153, 154, 156, 157, 158, 159, 161, 164, 165, 166, 168, 169, 170, 171, 173, 175, 176, 177, 178, 181, 182, 183, 187, 188, 189, 190, 192, 194, 195, 196, 197, 200, 201, 202, 203, 204, 206, 207, 208, 209, 212, 213, 214, 215, 216, 220, 221, 223, 224, 225, 227, 228, 229, 232, 233, 234, 237, 241, 242, 243, 244, 245, 246, 249, 250, 251, 252, 253, 254, 256, 257, 258, 259, 262, 263, 264, 265, 266, 268, 269, 272, 273, 275, 278, 279, 280, 282, 285, 286, 287, 289, 290, 292, 294, 295, 298, 299, 302, 303, 305, 306, 308, 309, 310, 312, 313, 314, 315, 317, 318, 321, 322, 324, 325, 327, 329, 330, 332, 333, 334, 335, 336, 338, 339, 340, 341, 344, 345, 346, 353, 355, 357, 359, 360, 363, 364, 367, 368, 369, 370, 371, 373, 374, 375, 376, 377, 378, 379, 380, 382, 383, 386, 387, 389, 391, 395], "summary": {"covered_lines": 232, "num_statements": 237, "percent_covered": 97.8902953586498, "percent_covered_display": "98", "missing_lines": 5, "excluded_lines": 2, "percent_statements_covered": 97.8902953586498, "percent_statements_covered_display": "98"}, "missing_lines": [128, 129, 130, 260, 261], "excluded_lines": [398, 399], "functions": {"convert": {"executed_lines": [68, 69, 70, 72, 74, 75, 76, 79, 82, 83, 85, 86, 87, 89, 90, 91, 94, 95, 97, 98, 99, 100, 103, 104, 105, 106, 107, 109, 111, 114, 115, 117, 118, 119, 120, 121, 123, 126, 127, 133, 134, 135, 138, 139, 140, 142, 145, 146, 147, 148, 150, 151, 152, 153, 154, 156, 157, 158, 159, 161, 164, 165, 166, 168, 169, 170, 171, 173, 175, 176, 177, 178, 181, 182, 183, 187, 188, 189, 190, 192, 194, 195, 196, 197, 200, 201, 202, 203, 204, 206, 207, 208, 209, 212, 213, 214, 215, 216, 220, 221, 223, 224, 225, 227, 228, 229, 232, 233, 234, 237, 241, 242, 243, 244, 245, 246, 249, 250, 251, 252, 253, 254, 256, 257, 258, 259, 262, 263, 264, 265, 266, 268, 269], "summary": {"covered_lines": 133, "num_statements": 138, "percent_covered": 96.3768115942029, "percent_covered_display": "96", "missing_lines": 5, "excluded_lines": 0, "percent_statements_covered": 96.3768115942029, "percent_statements_covered_display": "96"}, "missing_lines": [128, 129, 130, 260, 261], "excluded_lines": [], "start_line": 49}, "main": {"executed_lines": [275], "summary": {"covered_lines": 1, "num_statements": 1, "percent_covered": 100.0, "percent_covered_display": "100", "missing_lines": 0, "excluded_lines": 0, "percent_statements_covered": 100.0, "percent_statements_covered_display": "100"}, "missing_lines": [], "excluded_lines": [], "start_line": 273}, "validate": {"executed_lines": [282], "summary": {"covered_lines": 1, "num_statements": 1, "percent_covered": 100.0, "percent_covered_display": "100", "missing_lines": 0, "excluded_lines": 0, "percent_statements_covered": 100.0, "percent_statements_covered_display": "100"}, "missing_lines": [], "excluded_lines": [], "start_line": 280}, "round_trip": {"executed_lines": [289, 290, 292, 294, 295, 298, 299, 302, 303, 305, 306, 308, 309, 310, 312, 313, 314, 315, 317, 318], "summary": {"covered_lines": 20, "num_statements": 20, "percent_covered": 100.0, "percent_covered_display": "100", "missing_lines": 0, "excluded_lines": 0, "percent_statements_covered": 100.0, "percent_statements_covered_display": "100"}, "missing_lines": [], "excluded_lines": [], "start_line": 287}, "integration_status": {"executed_lines": [324, 325, 327, 329, 330, 332, 333, 334, 335, 336, 338, 339, 340, 341], "summary": {"covered_lines": 14, "num_statements": 14, "percent_covered": 100.0, "percent_covered_display": "100", "missing_lines": 0, "excluded_lines": 0, "percent_statements_covered": 100.0, "percent_statements_covered_display": "100"}, "missing_lines": [], "excluded_lines": [], "start_line": 322}, "generate": {"executed_lines": [355, 357, 359, 360, 363, 364, 367, 368, 369, 370, 371, 373, 374, 375, 376, 377, 378, 379, 380, 382, 383], "summary": {"covered_lines": 21, "num_statements": 21, "percent_covered": 100.0, "percent_covered_display": "100", "missing_lines": 0, "excluded_lines": 0, "percent_statements_covered": 100.0, "percent_statements_covered_display": "100"}, "missing_lines": [], "excluded_lines": [], "start_line": 353}, "version": {"executed_lines": [389, 391], "summary": {"covered_lines": 2, "num_statements": 2, "percent_covered": 100.0, "percent_covered_display": "100", "missing_lines": 0, "excluded_lines": 0, "percent_statements_covered": 100.0, "percent_statements_covered_display": "100"}, "missing_lines": [], "excluded_lines": [], "start_line": 387}, "": {"executed_lines": [6, 7, 8, 9, 10, 12, 14, 15, 16, 17, 18, 19, 22, 23, 24, 25, 28, 29, 32, 37, 42, 43, 49, 272, 273, 278, 279, 280, 285, 286, 287, 321, 322, 344, 345, 346, 353, 386, 387, 395], "summary": {"covered_lines": 40, "num_statements": 40, "percent_covered": 100.0, "percent_covered_display": "100", "missing_lines": 0, "excluded_lines": 2, "percent_statements_covered": 100.0, "percent_statements_covered_display": "100"}, "missing_lines": [], "excluded_lines": [398, 399], "start_line": 1}}, "classes": {"": {"executed_lines": [6, 7, 8, 9, 10, 12, 14, 15, 16, 17, 18, 19, 22, 23, 24, 25, 28, 29, 32, 37, 42, 43, 49, 68, 69, 70, 72, 74, 75, 76, 79, 82, 83, 85, 86, 87, 89, 90, 91, 94, 95, 97, 98, 99, 100, 103, 104, 105, 106, 107, 109, 111, 114, 115, 117, 118, 119, 120, 121, 123, 126, 127, 133, 134, 135, 138, 139, 140, 142, 145, 146, 147, 148, 150, 151, 152, 153, 154, 156, 157, 158, 159, 161, 164, 165, 166, 168, 169, 170, 171, 173, 175, 176, 177, 178, 181, 182, 183, 187, 188, 189, 190, 192, 194, 195, 196, 197, 200, 201, 202, 203, 204, 206, 207, 208, 209, 212, 213, 214, 215, 216, 220, 221, 223, 224, 225, 227, 228, 229, 232, 233, 234, 237, 241, 242, 243, 244, 245, 246, 249, 250, 251, 252, 253, 254, 256, 257, 258, 259, 262, 263, 264, 265, 266, 268, 269, 272, 273, 275, 278, 279, 280, 282, 285, 286, 287, 289, 290, 292, 294, 295, 298, 299, 302, 303, 305, 306, 308, 309, 310, 312, 313, 314, 315, 317, 318, 321, 322, 324, 325, 327, 329, 330, 332, 333, 334, 335, 336, 338, 339, 340, 341, 344, 345, 346, 353, 355, 357, 359, 360, 363, 364, 367, 368, 369, 370, 371, 373, 374, 375, 376, 377, 378, 379, 380, 382, 383, 386, 387, 389, 391, 395], "summary": {"covered_lines": 232, "num_statements": 237, "percent_covered": 97.8902953586498, "percent_covered_display": "98", "missing_lines": 5, "excluded_lines": 2, "percent_statements_covered": 97.8902953586498, "percent_statements_covered_display": "98"}, "missing_lines": [128, 129, 130, 260, 261], "excluded_lines": [398, 399], "start_line": 1}}}, "src/context_mapper_json_converter/cml_validator.py": {"executed_lines": [7, 8, 9, 10, 12, 21, 23, 26, 27, 36, 47, 50, 53, 54, 55, 58, 59, 62, 63, 64, 65, 66, 67, 69, 72, 73, 74, 75, 76, 77, 78, 79, 80, 81, 82, 83, 84, 86, 96, 98, 100, 102, 104, 118, 120, 122, 123, 124, 125, 127, 128, 129, 130, 132, 134, 135, 136, 139, 151, 162, 168, 169, 172, 173, 174, 177, 188, 194, 195, 198, 200, 203, 204, 205, 208, 211, 212, 213, 214, 215, 216, 224, 225, 226, 227, 228, 229, 234, 235, 236, 239, 240, 241, 242, 244, 245, 246, 248, 260, 263, 264, 265, 278, 289, 291, 295, 296, 299, 310, 311, 312, 313, 316, 317, 329, 330, 331, 332, 334, 344, 355, 356, 369, 382], "summary": {"covered_lines": 124, "num_statements": 144, "percent_covered": 86.11111111111111, "percent_covered_display": "86", "missing_lines": 20, "excluded_lines": 0, "percent_statements_covered": 86.11111111111111, "percent_statements_covered_display": "86"}, "missing_lines": [106, 107, 110, 140, 152, 178, 252, 267, 268, 279, 300, 318, 335, 345, 357, 360, 380, 392, 397, 406], "excluded_lines": [], "functions": {"CMLValidator.__init__": {"executed_lines": [72, 73, 74, 75, 76, 77, 78, 79, 80, 81, 82, 83, 84], "summary": {"covered_lines": 13, "num_statements": 13, "percent_covered": 100.0, "percent_covered_display": "100", "missing_lines": 0, "excluded_lines": 0, "percent_statements_covered": 100.0, "percent_statements_covered_display": "100"}, "missing_lines": [], "excluded_lines": [], "start_line": 69}, "CMLValidator.validate_syntax": {"executed_lines": [96, 98, 100, 102, 104, 118], "summary": {"covered_lines": 6, "num_statements": 9, "percent_covered": 66.66666666666667, "percent_covered_display": "67", "missing_lines": 3, "excluded_lines": 0, "percent_statements_covered": 66.66666666666667, "percent_statements_covered_display": "67"}, "missing_lines": [106, 107, 110], "excluded_lines": [], "start_line": 86}, "CMLValidator._parse_cml": {"executed_lines": [122, 123, 124, 125, 127, 128, 129, 130, 132, 134, 135, 136, 139, 151, 162, 168, 169, 172, 173, 174, 177, 188, 194, 195, 198, 200, 203, 204, 205, 208, 211, 212, 213, 214, 215, 216, 224, 225, 226, 227, 228, 229, 234, 235, 236, 239, 240, 241, 242, 244, 245, 246, 248, 260, 263, 264, 265, 278, 289], "summary": {"covered_lines": 59, "num_statements": 66, "percent_covered": 89.39393939393939, "percent_covered_display": "89", "missing_lines": 7, "excluded_lines": 0, "percent_statements_covered": 89.39393939393939, "percent_statements_covered_display": "89"}, "missing_lines": [140, 152, 178, 252, 267, 268, 279], "excluded_lines": [], "start_line": 120}, "CMLValidator._validate_parsed_elements": {"executed_lines": [295, 296, 299, 310, 311, 312, 313, 316, 317, 329, 330, 331, 332, 334, 344, 355, 356], "summary": {"covered_lines": 17, "num_statements": 23, "percent_covered": 73.91304347826087, "percent_covered_display": "74", "missing_lines": 6, "excluded_lines": 0, "percent_statements_covered": 73.91304347826087, "percent_statements_covered_display": "74"}, "missing_lines": [300, 318, 335, 345, 357, 360], "excluded_lines": [], "start_line": 291}, "CMLValidator.validate_semantics": {"executed_lines": [], "summary": {"covered_lines": 0, "num_statements": 1, "percent_covered": 0.0, "percent_covered_display": "0", "missing_lines": 1, "excluded_lines": 0, "percent_statements_covered": 0.0, "percent_statements_covered_display": "0"}, "missing_lines": [380], "excluded_lines": [], "start_line": 369}, "CMLValidator.validate_with_context_mapper": {"executed_lines": [], "summary": {"covered_lines": 0, "num_statements": 3, "percent_covered": 0.0, "percent_covered_display": "0", "missing_lines": 3, "excluded_lines": 0, "percent_statements_covered": 0.0, "percent_statements_covered_display": "0"}, "missing_lines": [392, 397, 406], "excluded_lines": [], "start_line": 382}, "": {"executed_lines": [7, 8, 9, 10, 12, 21, 23, 26, 27, 36, 47, 50, 53, 54, 55, 58, 59, 62, 63, 64, 65, 66, 67, 69, 86, 120, 291, 369, 382], "summary": {"covered_lines": 29, "num_statements": 29, "percent_covered": 100.0, "percent_covered_display": "100", "missing_lines": 0, "excluded_lines": 0, "percent_statements_covered": 100.0, "percent_statements_covered_display": "100"}, "missing_lines": [], "excluded_lines": [], "start_line": 1}}, "classes": {"CMLElement": {"executed_lines": [], "summary": {"covered_lines": 0, "num_statements": 0, "percent_covered": 100.0, "percent_covered_display": "100", "missing_lines": 0, "excluded_lines": 0, "percent_statements_covered": 100.0, "percent_statements_covered_display": "100"}, "missing_lines": [], "excluded_lines": [], "start_line": 27}, "CMLValidator": {"executed_lines": [72, 73, 74, 75, 76, 77, 78, 79, 80, 81, 82, 83, 84, 96, 98, 100, 102, 104, 118, 122, 123, 124, 125, 127, 128, 129, 130, 132, 134, 135, 136, 139, 151, 162, 168, 169, 172, 173, 174, 177, 188, 194, 195, 198, 200, 203, 204, 205, 208, 211, 212, 213, 214, 215, 216, 224, 225, 226, 227, 228, 229, 234, 235, 236, 239, 240, 241, 242, 244, 245, 246, 248, 260, 263, 264, 265, 278, 289, 295, 296, 299, 310, 311, 312, 313, 316, 317, 329, 330, 331, 332, 334, 344, 355, 356], "summary": {"covered_lines": 95, "num_statements": 115, "percent_covered": 82.6086956521739, "percent_covered_display": "83", "missing_lines": 20, "excluded_lines": 0, "percent_statements_covered": 82.6086956521739, "percent_statements_covered_display": "83"}, "missing_lines": [106, 107, 110, 140, 152, 178, 252, 267, 268, 279, 300, 318, 335, 345, 357, 360, 380, 392, 397, 406], "excluded_lines": [], "start_line": 36}, "": {"executed_lines": [7, 8, 9, 10, 12, 21, 23, 26, 27, 36, 47, 50, 53, 54, 55, 58, 59, 62, 63, 64, 65, 66, 67, 69, 86, 120, 291, 369, 382], "summary": {"covered_lines": 29, "num_statements": 29, "percent_covered": 100.0, "percent_covered_display": "100", "missing_lines": 0, "excluded_lines": 0, "percent_statements_covered": 100.0, "percent_statements_covered_display": "100"}, "missing_lines": [], "excluded_lines": [], "start_line": 1}}}, "src/context_mapper_json_converter/config.py": {"executed_lines": [5, 6, 7, 8, 11, 12, 13, 14, 18, 20, 28, 50, 53, 55, 56, 57, 59, 61, 62, 67, 69, 71, 73, 74, 76, 77, 78, 80, 82, 84, 86, 87, 89, 90, 91, 92, 94, 98, 101, 104, 108], "summary": {"covered_lines": 41, "num_statements": 45, "percent_covered": 91.11111111111111, "percent_covered_display": "91", "missing_lines": 4, "excluded_lines": 0, "percent_statements_covered": 91.11111111111111, "percent_statements_covered_display": "91"}, "missing_lines": [102, 103, 105, 106], "excluded_lines": [], "functions": {"setup_logging": {"executed_lines": [20], "summary": {"covered_lines": 1, "num_statements": 1, "percent_covered": 100.0, "percent_covered_display": "100", "missing_lines": 0, "excluded_lines": 0, "percent_statements_covered": 100.0, "percent_statements_covered_display": "100"}, "missing_lines": [], "excluded_lines": [], "start_line": 18}, "Config.__init__": {"executed_lines": [55, 56, 57], "summary": {"covered_lines": 3, "num_statements": 3, "percent_covered": 100.0, "percent_covered_display": "100", "missing_lines": 0, "excluded_lines": 0, "percent_statements_covered": 100.0, "percent_statements_covered_display": "100"}, "missing_lines": [], "excluded_lines": [], "start_line": 53}, "Config._update_config": {"executed_lines": [61, 62, 67, 69], "summary": {"covered_lines": 4, "num_statements": 4, "percent_covered": 100.0, "percent_covered_display": "100", "missing_lines": 0, "excluded_lines": 0, "percent_statements_covered": 100.0, "percent_statements_covered_display": "100"}, "missing_lines": [], "excluded_lines": [], "start_line": 59}, "Config.get": {"executed_lines": [73, 74, 76, 77, 78, 80, 82], "summary": {"covered_lines": 7, "num_statements": 7, "percent_covered": 100.0, "percent_covered_display": "100", "missing_lines": 0, "excluded_lines": 0, "percent_statements_covered": 100.0, "percent_statements_covered_display": "100"}, "missing_lines": [], "excluded_lines": [], "start_line": 71}, "Config.set": {"executed_lines": [86, 87, 89, 90, 91, 92, 94], "summary": {"covered_lines": 7, "num_statements": 7, "percent_covered": 100.0, "percent_covered_display": "100", "missing_lines": 0, "excluded_lines": 0, "percent_statements_covered": 100.0, "percent_statements_covered_display": "100"}, "missing_lines": [], "excluded_lines": [], "start_line": 84}, "": {"executed_lines": [5, 6, 7, 8, 11, 12, 13, 14, 18, 28, 50, 53, 59, 71, 84, 98, 101, 104, 108], "summary": {"covered_lines": 19, "num_statements": 23, "percent_covered": 82.6086956521739, "percent_covered_display": "83", "missing_lines": 4, "excluded_lines": 0, "percent_statements_covered": 82.6086956521739, "percent_statements_covered_display": "83"}, "missing_lines": [102, 103, 105, 106], "excluded_lines": [], "start_line": 1}}, "classes": {"Config": {"executed_lines": [55, 56, 57, 61, 62, 67, 69, 73, 74, 76, 77, 78, 80, 82, 86, 87, 89, 90, 91, 92, 94], "summary": {"covered_lines": 21, "num_statements": 21, "percent_covered": 100.0, "percent_covered_display": "100", "missing_lines": 0, "excluded_lines": 0, "percent_statements_covered": 100.0, "percent_statements_covered_display": "100"}, "missing_lines": [], "excluded_lines": [], "start_line": 50}, "": {"executed_lines": [5, 6, 7, 8, 11, 12, 13, 14, 18, 20, 28, 50, 53, 59, 71, 84, 98, 101, 104, 108], "summary": {"covered_lines": 20, "num_statements": 24, "percent_covered": 83.33333333333333, "percent_covered_display": "83", "missing_lines": 4, "excluded_lines": 0, "percent_statements_covered": 83.33333333333333, "percent_statements_covered_display": "83"}, "missing_lines": [102, 103, 105, 106], "excluded_lines": [], "start_line": 1}}}, "src/context_mapper_json_converter/context_mapper_integration.py": {"executed_lines": [7, 8, 9, 10, 11, 12, 13, 15, 16, 17, 18, 20, 23, 24, 29, 30, 31, 34, 45, 47, 56, 58, 60, 61, 62, 69, 72, 74, 75, 76, 80, 85, 86, 88, 90, 92, 93, 94, 95, 98, 99, 100, 102, 104, 106, 108, 110, 112, 122, 124, 135, 137, 140, 141, 143, 145, 146, 147, 148, 149, 150, 153, 154, 155, 156, 157, 158, 161, 162, 172, 184, 186, 188, 190, 192, 221, 229, 230, 238, 240, 242, 244, 246, 271, 279, 280, 288, 290, 303, 305, 306, 314, 316, 318, 321, 322, 324, 326, 352, 354, 355, 356, 364, 366, 373, 375, 389, 391, 393, 394, 398, 399, 403, 404, 412, 415, 423, 425, 427, 440, 441, 443, 446, 447, 448, 450, 451, 454, 455, 456, 457, 475, 476, 479, 480, 481, 482, 483, 485, 487, 489, 491], "summary": {"covered_lines": 142, "num_statements": 167, "percent_covered": 85.02994011976048, "percent_covered_display": "85", "missing_lines": 25, "excluded_lines": 0, "percent_statements_covered": 85.02994011976048, "percent_statements_covered_display": "85"}, "missing_lines": [78, 125, 133, 174, 175, 176, 199, 200, 202, 203, 204, 205, 213, 222, 253, 254, 255, 263, 272, 333, 334, 342, 460, 461, 472], "excluded_lines": [], "functions": {"ContextMapperIntegration.__init__": {"executed_lines": [47, 56], "summary": {"covered_lines": 2, "num_statements": 2, "percent_covered": 100.0, "percent_covered_display": "100", "missing_lines": 0, "excluded_lines": 0, "percent_statements_covered": 100.0, "percent_statements_covered_display": "100"}, "missing_lines": [], "excluded_lines": [], "start_line": 45}, "ContextMapperIntegration._detect_tools": {"executed_lines": [60, 61, 62, 69, 72, 74, 75, 76, 80, 85, 86], "summary": {"covered_lines": 11, "num_statements": 12, "percent_covered": 91.66666666666667, "percent_covered_display": "92", "missing_lines": 1, "excluded_lines": 0, "percent_statements_covered": 91.66666666666667, "percent_statements_covered_display": "92"}, "missing_lines": [78], "excluded_lines": [], "start_line": 58}, "ContextMapperIntegration._extract_version": {"executed_lines": [90, 92, 93, 94, 95, 98, 99, 100, 102], "summary": {"covered_lines": 9, "num_statements": 9, "percent_covered": 100.0, "percent_covered_display": "100", "missing_lines": 0, "excluded_lines": 0, "percent_statements_covered": 100.0, "percent_statements_covered_display": "100"}, "missing_lines": [], "excluded_lines": [], "start_line": 88}, "ContextMapperIntegration.get_available_tools": {"executed_lines": [106], "summary": {"covered_lines": 1, "num_statements": 1, "percent_covered": 100.0, "percent_covered_display": "100", "missing_lines": 0, "excluded_lines": 0, "percent_statements_covered": 100.0, "percent_statements_covered_display": "100"}, "missing_lines": [], "excluded_lines": [], "start_line": 104}, "ContextMapperIntegration.is_context_mapper_available": {"executed_lines": [110], "summary": {"covered_lines": 1, "num_statements": 1, "percent_covered": 100.0, "percent_covered_display": "100", "missing_lines": 0, "excluded_lines": 0, "percent_statements_covered": 100.0, "percent_statements_covered_display": "100"}, "missing_lines": [], "excluded_lines": [], "start_line": 108}, "ContextMapperIntegration.validate_cml_with_cli": {"executed_lines": [122, 124, 135, 137, 140, 141, 143, 145, 146, 147, 148, 149, 150, 153, 154, 155, 156, 157, 158, 161, 162, 172, 184], "summary": {"covered_lines": 23, "num_statements": 28, "percent_covered": 82.14285714285714, "percent_covered_display": "82", "missing_lines": 5, "excluded_lines": 0, "percent_statements_covered": 82.14285714285714, "percent_statements_covered_display": "82"}, "missing_lines": [125, 133, 174, 175, 176], "excluded_lines": [], "start_line": 112}, "ContextMapperIntegration._validate_with_contextmapper_cli": {"executed_lines": [188, 190, 192, 221, 229, 230, 238], "summary": {"covered_lines": 7, "num_statements": 15, "percent_covered": 46.666666666666664, "percent_covered_display": "47", "missing_lines": 8, "excluded_lines": 0, "percent_statements_covered": 46.666666666666664, "percent_statements_covered_display": "47"}, "missing_lines": [199, 200, 202, 203, 204, 205, 213, 222], "excluded_lines": [], "start_line": 186}, "ContextMapperIntegration._validate_with_cml_cli": {"executed_lines": [242, 244, 246, 271, 279, 280, 288], "summary": {"covered_lines": 7, "num_statements": 12, "percent_covered": 58.333333333333336, "percent_covered_display": "58", "missing_lines": 5, "excluded_lines": 0, "percent_statements_covered": 58.333333333333336, "percent_statements_covered_display": "58"}, "missing_lines": [253, 254, 255, 263, 272], "excluded_lines": [], "start_line": 240}, "ContextMapperIntegration.generate_artifacts": {"executed_lines": [303, 305, 306, 314, 316, 318, 321, 322, 324, 326, 352, 354, 355, 356, 364], "summary": {"covered_lines": 15, "num_statements": 18, "percent_covered": 83.33333333333333, "percent_covered_display": "83", "missing_lines": 3, "excluded_lines": 0, "percent_statements_covered": 83.33333333333333, "percent_statements_covered_display": "83"}, "missing_lines": [333, 334, 342], "excluded_lines": [], "start_line": 290}, "ContextMapperIntegration.get_integration_status": {"executed_lines": [373, 375], "summary": {"covered_lines": 2, "num_statements": 2, "percent_covered": 100.0, "percent_covered_display": "100", "missing_lines": 0, "excluded_lines": 0, "percent_statements_covered": 100.0, "percent_statements_covered_display": "100"}, "missing_lines": [], "excluded_lines": [], "start_line": 366}, "ContextMapperIntegration._get_setup_recommendations": {"executed_lines": [391, 393, 394, 398, 399, 403, 404, 412], "summary": {"covered_lines": 8, "num_statements": 8, "percent_covered": 100.0, "percent_covered_display": "100", "missing_lines": 0, "excluded_lines": 0, "percent_statements_covered": 100.0, "percent_statements_covered_display": "100"}, "missing_lines": [], "excluded_lines": [], "start_line": 389}, "ContextMapperWorkflow.__init__": {"executed_lines": [425], "summary": {"covered_lines": 1, "num_statements": 1, "percent_covered": 100.0, "percent_covered_display": "100", "missing_lines": 0, "excluded_lines": 0, "percent_statements_covered": 100.0, "percent_statements_covered_display": "100"}, "missing_lines": [], "excluded_lines": [], "start_line": 423}, "ContextMapperWorkflow.validate_and_generate_workflow": {"executed_lines": [440, 441, 443, 446, 447, 448, 450, 451, 454, 455, 456, 457, 475, 476, 479, 480, 481, 482, 483, 485], "summary": {"covered_lines": 20, "num_statements": 23, "percent_covered": 86.95652173913044, "percent_covered_display": "87", "missing_lines": 3, "excluded_lines": 0, "percent_statements_covered": 86.95652173913044, "percent_statements_covered_display": "87"}, "missing_lines": [460, 461, 472], "excluded_lines": [], "start_line": 427}, "ContextMapperWorkflow.get_workflow_status": {"executed_lines": [489, 491], "summary": {"covered_lines": 2, "num_statements": 2, "percent_covered": 100.0, "percent_covered_display": "100", "missing_lines": 0, "excluded_lines": 0, "percent_statements_covered": 100.0, "percent_statements_covered_display": "100"}, "missing_lines": [], "excluded_lines": [], "start_line": 487}, "": {"executed_lines": [7, 8, 9, 10, 11, 12, 13, 15, 16, 17, 18, 20, 23, 24, 29, 30, 31, 34, 45, 58, 88, 104, 108, 112, 186, 240, 290, 366, 389, 415, 423, 427, 487], "summary": {"covered_lines": 33, "num_statements": 33, "percent_covered": 100.0, "percent_covered_display": "100", "missing_lines": 0, "excluded_lines": 0, "percent_statements_covered": 100.0, "percent_statements_covered_display": "100"}, "missing_lines": [], "excluded_lines": [], "start_line": 1}}, "classes": {"ContextMapperTool": {"executed_lines": [], "summary": {"covered_lines": 0, "num_statements": 0, "percent_covered": 100.0, "percent_covered_display": "100", "missing_lines": 0, "excluded_lines": 0, "percent_statements_covered": 100.0, "percent_statements_covered_display": "100"}, "missing_lines": [], "excluded_lines": [], "start_line": 24}, "ContextMapperIntegration": {"executed_lines": [47, 56, 60, 61, 62, 69, 72, 74, 75, 76, 80, 85, 86, 90, 92, 93, 94, 95, 98, 99, 100, 102, 106, 110, 122, 124, 135, 137, 140, 141, 143, 145, 146, 147, 148, 149, 150, 153, 154, 155, 156, 157, 158, 161, 162, 172, 184, 188, 190, 192, 221, 229, 230, 238, 242, 244, 246, 271, 279, 280, 288, 303, 305, 306, 314, 316, 318, 321, 322, 324, 326, 352, 354, 355, 356, 364, 373, 375, 391, 393, 394, 398, 399, 403, 404, 412], "summary": {"covered_lines": 86, "num_statements": 108, "percent_covered": 79.62962962962963, "percent_covered_display": "80", "missing_lines": 22, "excluded_lines": 0, "percent_statements_covered": 79.62962962962963, "percent_statements_covered_display": "80"}, "missing_lines": [78, 125, 133, 174, 175, 176, 199, 200, 202, 203, 204, 205, 213, 222, 253, 254, 255, 263, 272, 333, 334, 342], "excluded_lines": [], "start_line": 34}, "ContextMapperWorkflow": {"executed_lines": [425, 440, 441, 443, 446, 447, 448, 450, 451, 454, 455, 456, 457, 475, 476, 479, 480, 481, 482, 483, 485, 489, 491], "summary": {"covered_lines": 23, "num_statements": 26, "percent_covered": 88.46153846153847, "percent_covered_display": "88", "missing_lines": 3, "excluded_lines": 0, "percent_statements_covered": 88.46153846153847, "percent_statements_covered_display": "88"}, "missing_lines": [460, 461, 472], "excluded_lines": [], "start_line": 415}, "": {"executed_lines": [7, 8, 9, 10, 11, 12, 13, 15, 16, 17, 18, 20, 23, 24, 29, 30, 31, 34, 45, 58, 88, 104, 108, 112, 186, 240, 290, 366, 389, 415, 423, 427, 487], "summary": {"covered_lines": 33, "num_statements": 33, "percent_covered": 100.0, "percent_covered_display": "100", "missing_lines": 0, "excluded_lines": 0, "percent_statements_covered": 100.0, "percent_statements_covered_display": "100"}, "missing_lines": [], "excluded_lines": [], "start_line": 1}}}, "src/context_mapper_json_converter/converter.py": {"executed_lines": [7, 8, 10, 12, 13, 14, 31, 34, 42, 47, 50, 52, 56, 68, 87, 116, 162, 164, 165, 167, 174, 175, 177, 190, 191, 194, 195, 198, 201, 202, 203, 206, 209, 210, 211, 212, 215, 217, 218, 219, 221, 236, 238, 239, 240, 245, 249, 250, 256, 266, 268, 271, 272, 273, 275, 276, 277, 278, 280, 283, 284, 287, 288, 293, 294, 295, 296, 299, 300, 301, 302, 303, 306, 310, 312, 313, 314, 320, 330, 332, 333, 334, 335, 336, 337, 338, 339, 340, 342, 344, 346, 348, 349, 350, 352, 354, 357, 360, 362, 363, 365, 366, 368, 370, 373, 376, 378, 379, 381, 386, 387, 390, 391, 397, 399, 412, 414, 418, 419, 425, 435, 437, 440, 441, 442, 443, 445, 446, 447, 448, 450, 453, 454, 455, 456, 461, 468, 475, 482, 489, 496, 502, 504, 505, 506, 512, 514, 515, 516, 517, 518, 520, 523, 524, 526, 529, 530, 531, 534, 535, 536, 538, 540, 546, 548, 549, 550, 551, 553, 556, 557, 558, 561, 562, 563, 565, 567, 573, 575, 576, 577, 579, 582, 583, 584, 586, 588, 594, 596, 597, 598, 600, 603, 604, 605, 607, 609, 615, 617, 618, 619, 621, 624, 625, 626, 628, 630, 636, 638, 639, 640, 642, 645, 646, 647, 649, 651, 657, 659, 660, 661, 662, 664, 666, 667, 668, 669, 671, 673, 675, 676, 677, 678, 681, 682, 683, 684, 685, 687, 690, 691, 692, 694, 695, 697, 699, 701], "summary": {"covered_lines": 247, "num_statements": 282, "percent_covered": 87.58865248226951, "percent_covered_display": "88", "missing_lines": 35, "excluded_lines": 0, "percent_statements_covered": 87.58865248226951, "percent_statements_covered_display": "88"}, "missing_lines": [252, 253, 254, 316, 317, 318, 382, 388, 393, 394, 395, 421, 422, 423, 508, 509, 510, 542, 543, 544, 569, 570, 571, 590, 591, 592, 611, 612, 613, 632, 633, 634, 653, 654, 655], "excluded_lines": [], "functions": {"ConverterEngine.__init__": {"executed_lines": [47, 50], "summary": {"covered_lines": 2, "num_statements": 2, "percent_covered": 100.0, "percent_covered_display": "100", "missing_lines": 0, "excluded_lines": 0, "percent_statements_covered": 100.0, "percent_statements_covered_display": "100"}, "missing_lines": [], "excluded_lines": [], "start_line": 42}, "ConverterEngine._setup_templates": {"executed_lines": [56, 68, 87, 116], "summary": {"covered_lines": 4, "num_statements": 4, "percent_covered": 100.0, "percent_covered_display": "100", "missing_lines": 0, "excluded_lines": 0, "percent_statements_covered": 100.0, "percent_statements_covered_display": "100"}, "missing_lines": [], "excluded_lines": [], "start_line": 52}, "ConverterEngine._indent": {"executed_lines": [164, 165], "summary": {"covered_lines": 2, "num_statements": 2, "percent_covered": 100.0, "percent_covered_display": "100", "missing_lines": 0, "excluded_lines": 0, "percent_statements_covered": 100.0, "percent_statements_covered_display": "100"}, "missing_lines": [], "excluded_lines": [], "start_line": 162}, "ConverterEngine._convert_block": {"executed_lines": [174, 175], "summary": {"covered_lines": 2, "num_statements": 2, "percent_covered": 100.0, "percent_covered_display": "100", "missing_lines": 0, "excluded_lines": 0, "percent_statements_covered": 100.0, "percent_statements_covered_display": "100"}, "missing_lines": [], "excluded_lines": [], "start_line": 167}, "ConverterEngine.convert": {"executed_lines": [190, 191, 194, 195, 198, 201, 202, 203, 206, 209, 210, 211, 212, 215, 217, 218, 219], "summary": {"covered_lines": 17, "num_statements": 17, "percent_covered": 100.0, "percent_covered_display": "100", "missing_lines": 0, "excluded_lines": 0, "percent_statements_covered": 100.0, "percent_statements_covered_display": "100"}, "missing_lines": [], "excluded_lines": [], "start_line": 177}, "ConverterEngine.convert_context_map": {"executed_lines": [236, 238, 239, 240, 245, 249, 250], "summary": {"covered_lines": 7, "num_statements": 10, "percent_covered": 70.0, "percent_covered_display": "70", "missing_lines": 3, "excluded_lines": 0, "percent_statements_covered": 70.0, "percent_statements_covered_display": "70"}, "missing_lines": [252, 253, 254], "excluded_lines": [], "start_line": 221}, "ConverterEngine.convert_bounded_context": {"executed_lines": [266, 268, 271, 272, 273, 275, 276, 277, 278, 280, 283, 284, 287, 288, 293, 294, 295, 296, 299, 300, 301, 302, 303, 306, 310, 312, 313, 314], "summary": {"covered_lines": 28, "num_statements": 31, "percent_covered": 90.3225806451613, "percent_covered_display": "90", "missing_lines": 3, "excluded_lines": 0, "percent_statements_covered": 90.3225806451613, "percent_statements_covered_display": "90"}, "missing_lines": [316, 317, 318], "excluded_lines": [], "start_line": 256}, "ConverterEngine.convert_relationships": {"executed_lines": [330, 332, 333, 334, 335, 336, 337, 338, 339, 340, 342, 344, 346, 348, 349, 350, 352, 354, 357, 360, 362, 363, 365, 366, 368, 370, 373, 376, 378, 379, 381, 386, 387, 390, 391, 397], "summary": {"covered_lines": 36, "num_statements": 41, "percent_covered": 87.8048780487805, "percent_covered_display": "88", "missing_lines": 5, "excluded_lines": 0, "percent_statements_covered": 87.8048780487805, "percent_statements_covered_display": "88"}, "missing_lines": [382, 388, 393, 394, 395], "excluded_lines": [], "start_line": 320}, "ConverterEngine.convert_subdomains": {"executed_lines": [412, 414, 418, 419], "summary": {"covered_lines": 4, "num_statements": 7, "percent_covered": 57.142857142857146, "percent_covered_display": "57", "missing_lines": 3, "excluded_lines": 0, "percent_statements_covered": 57.142857142857146, "percent_statements_covered_display": "57"}, "missing_lines": [421, 422, 423], "excluded_lines": [], "start_line": 399}, "ConverterEngine.convert_aggregate": {"executed_lines": [435, 437, 440, 441, 442, 443, 445, 446, 447, 448, 450, 453, 454, 455, 456, 461, 468, 475, 482, 489, 496, 502, 504, 505, 506], "summary": {"covered_lines": 25, "num_statements": 28, "percent_covered": 89.28571428571429, "percent_covered_display": "89", "missing_lines": 3, "excluded_lines": 0, "percent_statements_covered": 89.28571428571429, "percent_statements_covered_display": "89"}, "missing_lines": [508, 509, 510], "excluded_lines": [], "start_line": 425}, "ConverterEngine.convert_entity": {"executed_lines": [514, 515, 516, 517, 518, 520, 523, 524, 526, 529, 530, 531, 534, 535, 536, 538, 540], "summary": {"covered_lines": 17, "num_statements": 20, "percent_covered": 85.0, "percent_covered_display": "85", "missing_lines": 3, "excluded_lines": 0, "percent_statements_covered": 85.0, "percent_statements_covered_display": "85"}, "missing_lines": [542, 543, 544], "excluded_lines": [], "start_line": 512}, "ConverterEngine.convert_value_object": {"executed_lines": [548, 549, 550, 551, 553, 556, 557, 558, 561, 562, 563, 565, 567], "summary": {"covered_lines": 13, "num_statements": 16, "percent_covered": 81.25, "percent_covered_display": "81", "missing_lines": 3, "excluded_lines": 0, "percent_statements_covered": 81.25, "percent_statements_covered_display": "81"}, "missing_lines": [569, 570, 571], "excluded_lines": [], "start_line": 546}, "ConverterEngine.convert_domain_event": {"executed_lines": [575, 576, 577, 579, 582, 583, 584, 586, 588], "summary": {"covered_lines": 9, "num_statements": 12, "percent_covered": 75.0, "percent_covered_display": "75", "missing_lines": 3, "excluded_lines": 0, "percent_statements_covered": 75.0, "percent_statements_covered_display": "75"}, "missing_lines": [590, 591, 592], "excluded_lines": [], "start_line": 573}, "ConverterEngine.convert_command": {"executed_lines": [596, 597, 598, 600, 603, 604, 605, 607, 609], "summary": {"covered_lines": 9, "num_statements": 12, "percent_covered": 75.0, "percent_covered_display": "75", "missing_lines": 3, "excluded_lines": 0, "percent_statements_covered": 75.0, "percent_statements_covered_display": "75"}, "missing_lines": [611, 612, 613], "excluded_lines": [], "start_line": 594}, "ConverterEngine.convert_service": {"executed_lines": [617, 618, 619, 621, 624, 625, 626, 628, 630], "summary": {"covered_lines": 9, "num_statements": 12, "percent_covered": 75.0, "percent_covered_display": "75", "missing_lines": 3, "excluded_lines": 0, "percent_statements_covered": 75.0, "percent_statements_covered_display": "75"}, "missing_lines": [632, 633, 634], "excluded_lines": [], "start_line": 615}, "ConverterEngine.convert_repository": {"executed_lines": [638, 639, 640, 642, 645, 646, 647, 649, 651], "summary": {"covered_lines": 9, "num_statements": 12, "percent_covered": 75.0, "percent_covered_display": "75", "missing_lines": 3, "excluded_lines": 0, "percent_statements_covered": 75.0, "percent_statements_covered_display": "75"}, "missing_lines": [653, 654, 655], "excluded_lines": [], "start_line": 636}, "ConverterEngine.convert_attribute": {"executed_lines": [659, 660, 661, 662, 664, 666, 667, 668, 669, 671], "summary": {"covered_lines": 10, "num_statements": 10, "percent_covered": 100.0, "percent_covered_display": "100", "missing_lines": 0, "excluded_lines": 0, "percent_statements_covered": 100.0, "percent_statements_covered_display": "100"}, "missing_lines": [], "excluded_lines": [], "start_line": 657}, "ConverterEngine.convert_operation": {"executed_lines": [675, 676, 677, 678, 681, 682, 683, 684, 685, 687, 690, 691, 692, 694, 695, 697, 699, 701], "summary": {"covered_lines": 18, "num_statements": 18, "percent_covered": 100.0, "percent_covered_display": "100", "missing_lines": 0, "excluded_lines": 0, "percent_statements_covered": 100.0, "percent_statements_covered_display": "100"}, "missing_lines": [], "excluded_lines": [], "start_line": 673}, "": {"executed_lines": [7, 8, 10, 12, 13, 14, 31, 34, 42, 52, 162, 167, 177, 221, 256, 320, 399, 425, 512, 546, 573, 594, 615, 636, 657, 673], "summary": {"covered_lines": 26, "num_statements": 26, "percent_covered": 100.0, "percent_covered_display": "100", "missing_lines": 0, "excluded_lines": 0, "percent_statements_covered": 100.0, "percent_statements_covered_display": "100"}, "missing_lines": [], "excluded_lines": [], "start_line": 1}}, "classes": {"ConverterEngine": {"executed_lines": [47, 50, 56, 68, 87, 116, 164, 165, 174, 175, 190, 191, 194, 195, 198, 201, 202, 203, 206, 209, 210, 211, 212, 215, 217, 218, 219, 236, 238, 239, 240, 245, 249, 250, 266, 268, 271, 272, 273, 275, 276, 277, 278, 280, 283, 284, 287, 288, 293, 294, 295, 296, 299, 300, 301, 302, 303, 306, 310, 312, 313, 314, 330, 332, 333, 334, 335, 336, 337, 338, 339, 340, 342, 344, 346, 348, 349, 350, 352, 354, 357, 360, 362, 363, 365, 366, 368, 370, 373, 376, 378, 379, 381, 386, 387, 390, 391, 397, 412, 414, 418, 419, 435, 437, 440, 441, 442, 443, 445, 446, 447, 448, 450, 453, 454, 455, 456, 461, 468, 475, 482, 489, 496, 502, 504, 505, 506, 514, 515, 516, 517, 518, 520, 523, 524, 526, 529, 530, 531, 534, 535, 536, 538, 540, 548, 549, 550, 551, 553, 556, 557, 558, 561, 562, 563, 565, 567, 575, 576, 577, 579, 582, 583, 584, 586, 588, 596, 597, 598, 600, 603, 604, 605, 607, 609, 617, 618, 619, 621, 624, 625, 626, 628, 630, 638, 639, 640, 642, 645, 646, 647, 649, 651, 659, 660, 661, 662, 664, 666, 667, 668, 669, 671, 675, 676, 677, 678, 681, 682, 683, 684, 685, 687, 690, 691, 692, 694, 695, 697, 699, 701], "summary": {"covered_lines": 221, "num_statements": 256, "percent_covered": 86.328125, "percent_covered_display": "86", "missing_lines": 35, "excluded_lines": 0, "percent_statements_covered": 86.328125, "percent_statements_covered_display": "86"}, "missing_lines": [252, 253, 254, 316, 317, 318, 382, 388, 393, 394, 395, 421, 422, 423, 508, 509, 510, 542, 543, 544, 569, 570, 571, 590, 591, 592, 611, 612, 613, 632, 633, 634, 653, 654, 655], "excluded_lines": [], "start_line": 34}, "": {"executed_lines": [7, 8, 10, 12, 13, 14, 31, 34, 42, 52, 162, 167, 177, 221, 256, 320, 399, 425, 512, 546, 573, 594, 615, 636, 657, 673], "summary": {"covered_lines": 26, "num_statements": 26, "percent_covered": 100.0, "percent_covered_display": "100", "missing_lines": 0, "excluded_lines": 0, "percent_statements_covered": 100.0, "percent_statements_covered_display": "100"}, "missing_lines": [], "excluded_lines": [], "start_line": 1}}}, "src/context_mapper_json_converter/enums.py": {"executed_lines": [8, 11, 14, 15, 16, 17, 20, 23, 24, 25, 26, 29, 32, 33, 36, 39, 40, 43, 46, 47, 50, 53, 54, 55, 56, 59, 62, 63, 64, 65, 68, 71, 72, 73, 76, 79, 80, 81, 84, 87, 88, 89, 92, 100, 101, 104, 105, 106, 109, 110, 111, 112, 113, 114, 117, 118, 121, 124, 125, 126, 127, 128, 129, 130], "summary": {"covered_lines": 64, "num_statements": 64, "percent_covered": 100.0, "percent_covered_display": "100", "missing_lines": 0, "excluded_lines": 0, "percent_statements_covered": 100.0, "percent_statements_covered_display": "100"}, "missing_lines": [], "excluded_lines": [], "functions": {"": {"executed_lines": [8, 11, 14, 15, 16, 17, 20, 23, 24, 25, 26, 29, 32, 33, 36, 39, 40, 43, 46, 47, 50, 53, 54, 55, 56, 59, 62, 63, 64, 65, 68, 71, 72, 73, 76, 79, 80, 81, 84, 87, 88, 89, 92, 100, 101, 104, 105, 106, 109, 110, 111, 112, 113, 114, 117, 118, 121, 124, 125, 126, 127, 128, 129, 130], "summary": {"covered_lines": 64, "num_statements": 64, "percent_covered": 100.0, "percent_covered_display": "100", "missing_lines": 0, "excluded_lines": 0, "percent_statements_covered": 100.0, "percent_statements_covered_display": "100"}, "missing_lines": [], "excluded_lines": [], "start_line": 1}}, "classes": {"RelationshipType": {"executed_lines": [], "summary": {"covered_lines": 0, "num_statements": 0, "percent_covered": 100.0, "percent_covered_display": "100", "missing_lines": 0, "excluded_lines": 0, "percent_statements_covered": 100.0, "percent_statements_covered_display": "100"}, "missing_lines": [], "excluded_lines": [], "start_line": 11}, "BoundedContextType": {"executed_lines": [], "summary": {"covered_lines": 0, "num_statements": 0, "percent_covered": 100.0, "percent_covered_display": "100", "missing_lines": 0, "excluded_lines": 0, "percent_statements_covered": 100.0, "percent_statements_covered_display": "100"}, "missing_lines": [], "excluded_lines": [], "start_line": 20}, "ContextMapType": {"executed_lines": [], "summary": {"covered_lines": 0, "num_statements": 0, "percent_covered": 100.0, "percent_covered_display": "100", "missing_lines": 0, "excluded_lines": 0, "percent_statements_covered": 100.0, "percent_statements_covered_display": "100"}, "missing_lines": [], "excluded_lines": [], "start_line": 29}, "ContextMapState": {"executed_lines": [], "summary": {"covered_lines": 0, "num_statements": 0, "percent_covered": 100.0, "percent_covered_display": "100", "missing_lines": 0, "excluded_lines": 0, "percent_statements_covered": 100.0, "percent_statements_covered_display": "100"}, "missing_lines": [], "excluded_lines": [], "start_line": 36}, "KnowledgeLevel": {"executed_lines": [], "summary": {"covered_lines": 0, "num_statements": 0, "percent_covered": 100.0, "percent_covered_display": "100", "missing_lines": 0, "excluded_lines": 0, "percent_statements_covered": 100.0, "percent_statements_covered_display": "100"}, "missing_lines": [], "excluded_lines": [], "start_line": 43}, "BusinessModel": {"executed_lines": [], "summary": {"covered_lines": 0, "num_statements": 0, "percent_covered": 100.0, "percent_covered_display": "100", "missing_lines": 0, "excluded_lines": 0, "percent_statements_covered": 100.0, "percent_statements_covered_display": "100"}, "missing_lines": [], "excluded_lines": [], "start_line": 50}, "Evolution": {"executed_lines": [], "summary": {"covered_lines": 0, "num_statements": 0, "percent_covered": 100.0, "percent_covered_display": "100", "missing_lines": 0, "excluded_lines": 0, "percent_statements_covered": 100.0, "percent_statements_covered_display": "100"}, "missing_lines": [], "excluded_lines": [], "start_line": 59}, "SubdomainType": {"executed_lines": [], "summary": {"covered_lines": 0, "num_statements": 0, "percent_covered": 100.0, "percent_covered_display": "100", "missing_lines": 0, "excluded_lines": 0, "percent_statements_covered": 100.0, "percent_statements_covered_display": "100"}, "missing_lines": [], "excluded_lines": [], "start_line": 68}, "LikelihoodForChange": {"executed_lines": [], "summary": {"covered_lines": 0, "num_statements": 0, "percent_covered": 100.0, "percent_covered_display": "100", "missing_lines": 0, "excluded_lines": 0, "percent_statements_covered": 100.0, "percent_statements_covered_display": "100"}, "missing_lines": [], "excluded_lines": [], "start_line": 76}, "OperationVisibility": {"executed_lines": [], "summary": {"covered_lines": 0, "num_statements": 0, "percent_covered": 100.0, "percent_covered_display": "100", "missing_lines": 0, "excluded_lines": 0, "percent_statements_covered": 100.0, "percent_statements_covered_display": "100"}, "missing_lines": [], "excluded_lines": [], "start_line": 84}, "ValidationErrorType": {"executed_lines": [], "summary": {"covered_lines": 0, "num_statements": 0, "percent_covered": 100.0, "percent_covered_display": "100", "missing_lines": 0, "excluded_lines": 0, "percent_statements_covered": 100.0, "percent_statements_covered_display": "100"}, "missing_lines": [], "excluded_lines": [], "start_line": 92}, "": {"executed_lines": [8, 11, 14, 15, 16, 17, 20, 23, 24, 25, 26, 29, 32, 33, 36, 39, 40, 43, 46, 47, 50, 53, 54, 55, 56, 59, 62, 63, 64, 65, 68, 71, 72, 73, 76, 79, 80, 81, 84, 87, 88, 89, 92, 100, 101, 104, 105, 106, 109, 110, 111, 112, 113, 114, 117, 118, 121, 124, 125, 126, 127, 128, 129, 130], "summary": {"covered_lines": 64, "num_statements": 64, "percent_covered": 100.0, "percent_covered_display": "100", "missing_lines": 0, "excluded_lines": 0, "percent_statements_covered": 100.0, "percent_statements_covered_display": "100"}, "missing_lines": [], "excluded_lines": [], "start_line": 1}}}, "src/context_mapper_json_converter/error_handler.py": {"executed_lines": [7, 10], "summary": {"covered_lines": 2, "num_statements": 2, "percent_covered": 100.0, "percent_covered_display": "100", "missing_lines": 0, "excluded_lines": 0, "percent_statements_covered": 100.0, "percent_statements_covered_display": "100"}, "missing_lines": [], "excluded_lines": [], "functions": {"": {"executed_lines": [7, 10], "summary": {"covered_lines": 2, "num_statements": 2, "percent_covered": 100.0, "percent_covered_display": "100", "missing_lines": 0, "excluded_lines": 0, "percent_statements_covered": 100.0, "percent_statements_covered_display": "100"}, "missing_lines": [], "excluded_lines": [], "start_line": 1}}, "classes": {"ErrorHandler": {"executed_lines": [], "summary": {"covered_lines": 0, "num_statements": 0, "percent_covered": 100.0, "percent_covered_display": "100", "missing_lines": 0, "excluded_lines": 0, "percent_statements_covered": 100.0, "percent_statements_covered_display": "100"}, "missing_lines": [], "excluded_lines": [], "start_line": 7}, "": {"executed_lines": [7, 10], "summary": {"covered_lines": 2, "num_statements": 2, "percent_covered": 100.0, "percent_covered_display": "100", "missing_lines": 0, "excluded_lines": 0, "percent_statements_covered": 100.0, "percent_statements_covered_display": "100"}, "missing_lines": [], "excluded_lines": [], "start_line": 1}}}, "src/context_mapper_json_converter/exceptions.py": {"executed_lines": [9, 13, 21, 29], "summary": {"covered_lines": 4, "num_statements": 4, "percent_covered": 100.0, "percent_covered_display": "100", "missing_lines": 0, "excluded_lines": 0, "percent_statements_covered": 100.0, "percent_statements_covered_display": "100"}, "missing_lines": [], "excluded_lines": [], "functions": {"": {"executed_lines": [9, 13, 21, 29], "summary": {"covered_lines": 4, "num_statements": 4, "percent_covered": 100.0, "percent_covered_display": "100", "missing_lines": 0, "excluded_lines": 0, "percent_statements_covered": 100.0, "percent_statements_covered_display": "100"}, "missing_lines": [], "excluded_lines": [], "start_line": 1}}, "classes": {"ContextMapperError": {"executed_lines": [], "summary": {"covered_lines": 0, "num_statements": 0, "percent_covered": 100.0, "percent_covered_display": "100", "missing_lines": 0, "excluded_lines": 0, "percent_statements_covered": 100.0, "percent_statements_covered_display": "100"}, "missing_lines": [], "excluded_lines": [], "start_line": 9}, "ConversionError": {"executed_lines": [], "summary": {"covered_lines": 0, "num_statements": 0, "percent_covered": 100.0, "percent_covered_display": "100", "missing_lines": 0, "excluded_lines": 0, "percent_statements_covered": 100.0, "percent_statements_covered_display": "100"}, "missing_lines": [], "excluded_lines": [], "start_line": 13}, "SchemaLoadError": {"executed_lines": [], "summary": {"covered_lines": 0, "num_statements": 0, "percent_covered": 100.0, "percent_covered_display": "100", "missing_lines": 0, "excluded_lines": 0, "percent_statements_covered": 100.0, "percent_statements_covered_display": "100"}, "missing_lines": [], "excluded_lines": [], "start_line": 21}, "CMLParseError": {"executed_lines": [], "summary": {"covered_lines": 0, "num_statements": 0, "percent_covered": 100.0, "percent_covered_display": "100", "missing_lines": 0, "excluded_lines": 0, "percent_statements_covered": 100.0, "percent_statements_covered_display": "100"}, "missing_lines": [], "excluded_lines": [], "start_line": 29}, "": {"executed_lines": [9, 13, 21, 29], "summary": {"covered_lines": 4, "num_statements": 4, "percent_covered": 100.0, "percent_covered_display": "100", "missing_lines": 0, "excluded_lines": 0, "percent_statements_covered": 100.0, "percent_statements_covered_display": "100"}, "missing_lines": [], "excluded_lines": [], "start_line": 1}}}, "src/context_mapper_json_converter/round_trip_validator.py": {"executed_lines": [7, 8, 9, 10, 12, 13, 14, 15, 16, 18, 21, 22, 31, 32, 35, 44, 47, 48, 51, 52, 53, 54, 55, 56, 57, 58, 59, 60, 61, 64, 65, 68, 72, 75, 76, 77, 78, 79, 80, 81, 82, 83, 84, 85, 86, 87, 88, 89, 90, 91, 93, 103, 104, 105, 108, 109, 110, 113, 114, 115, 118, 119, 120, 122, 128, 130, 131, 133, 134, 137, 138, 139, 140, 141, 142, 143, 144, 145, 146, 148, 149, 150, 152, 155, 161, 162, 163, 166, 169, 170, 171, 176, 177, 178, 179, 188, 189, 190, 191, 196, 197, 198, 201, 202, 203, 211, 216, 217, 220, 221, 224, 225, 226, 227, 230, 232, 234, 236, 237, 238, 239, 241, 242, 245, 246, 247, 248, 249, 250, 251, 252, 253, 255, 257, 261, 267, 268, 269, 270, 272, 273, 274, 275, 276, 279, 280, 281, 282, 285, 286, 287, 289, 294, 295, 296, 297, 299, 301, 303, 304, 305, 306, 308, 309, 312, 313, 314, 315, 317, 318, 319, 321, 323, 324, 325, 327, 328, 329, 330, 332, 335, 343, 345, 346, 347, 349, 362, 364, 366, 367, 370, 371, 376, 377, 382, 400, 401, 402, 403, 405, 419, 421, 434, 437, 438, 439, 449, 456, 457, 458, 468, 475, 476, 487, 489, 493, 496, 497, 498, 508, 509, 520, 521, 532, 533, 534, 546, 547, 548, 559, 561, 565, 568, 580, 581, 583, 584, 595, 598, 599, 600, 610, 622, 623, 624, 635, 637, 650, 652, 662, 664, 669, 670, 679, 680, 681, 682, 691, 705, 706, 707, 708, 710, 711, 719, 722, 741], "summary": {"covered_lines": 267, "num_statements": 290, "percent_covered": 92.06896551724138, "percent_covered_display": "92", "missing_lines": 23, "excluded_lines": 0, "percent_statements_covered": 92.06896551724138, "percent_statements_covered_display": "92"}, "missing_lines": [124, 125, 126, 156, 262, 288, 391, 409, 410, 411, 477, 499, 522, 535, 549, 569, 585, 601, 611, 625, 731, 732, 733], "excluded_lines": [], "functions": {"Discrepancy.__str__": {"executed_lines": [32], "summary": {"covered_lines": 1, "num_statements": 1, "percent_covered": 100.0, "percent_covered_display": "100", "missing_lines": 0, "excluded_lines": 0, "percent_statements_covered": 100.0, "percent_statements_covered_display": "100"}, "missing_lines": [], "excluded_lines": [], "start_line": 31}, "CMLParser.__init__": {"executed_lines": [75, 76, 77, 78, 79, 80, 81, 82, 83, 84, 85, 86, 87, 88, 89, 90, 91], "summary": {"covered_lines": 17, "num_statements": 17, "percent_covered": 100.0, "percent_covered_display": "100", "missing_lines": 0, "excluded_lines": 0, "percent_statements_covered": 100.0, "percent_statements_covered_display": "100"}, "missing_lines": [], "excluded_lines": [], "start_line": 72}, "CMLParser.parse_cml": {"executed_lines": [103, 104, 105, 108, 109, 110, 113, 114, 115, 118, 119, 120, 122], "summary": {"covered_lines": 13, "num_statements": 16, "percent_covered": 81.25, "percent_covered_display": "81", "missing_lines": 3, "excluded_lines": 0, "percent_statements_covered": 81.25, "percent_statements_covered_display": "81"}, "missing_lines": [124, 125, 126], "excluded_lines": [], "start_line": 93}, "CMLParser._parse_context_map": {"executed_lines": [130, 131, 133, 134, 137, 138, 139, 140, 141, 142, 143, 144, 145, 146, 148, 149, 150, 152, 155, 161, 162, 163, 166, 169, 170, 171, 176, 177, 178, 179, 188, 189, 190, 191, 196, 197, 198, 201, 202, 203, 211, 216, 217, 220, 221, 224, 225, 226, 227, 230, 232], "summary": {"covered_lines": 51, "num_statements": 52, "percent_covered": 98.07692307692308, "percent_covered_display": "98", "missing_lines": 1, "excluded_lines": 0, "percent_statements_covered": 98.07692307692308, "percent_statements_covered_display": "98"}, "missing_lines": [156], "excluded_lines": [], "start_line": 128}, "CMLParser._parse_bounded_contexts": {"executed_lines": [236, 237, 238, 239, 241, 242, 245, 246, 247, 248, 249, 250, 251, 252, 253, 255, 257, 261, 267, 268, 269, 270, 272, 273, 274, 275, 276, 279, 280, 281, 282, 285, 286, 287, 289, 294, 295, 296, 297, 299], "summary": {"covered_lines": 40, "num_statements": 42, "percent_covered": 95.23809523809524, "percent_covered_display": "95", "missing_lines": 2, "excluded_lines": 0, "percent_statements_covered": 95.23809523809524, "percent_statements_covered_display": "95"}, "missing_lines": [262, 288], "excluded_lines": [], "start_line": 234}, "CMLParser._parse_domain": {"executed_lines": [303, 304, 305, 306, 308, 309, 312, 313, 314, 315, 317, 318, 319, 321, 323, 324, 325, 327, 328, 329, 330, 332], "summary": {"covered_lines": 22, "num_statements": 22, "percent_covered": 100.0, "percent_covered_display": "100", "missing_lines": 0, "excluded_lines": 0, "percent_statements_covered": 100.0, "percent_statements_covered_display": "100"}, "missing_lines": [], "excluded_lines": [], "start_line": 301}, "RoundTripValidator.__init__": {"executed_lines": [345, 346, 347], "summary": {"covered_lines": 3, "num_statements": 3, "percent_covered": 100.0, "percent_covered_display": "100", "missing_lines": 0, "excluded_lines": 0, "percent_statements_covered": 100.0, "percent_statements_covered_display": "100"}, "missing_lines": [], "excluded_lines": [], "start_line": 343}, "RoundTripValidator.validate_round_trip": {"executed_lines": [362, 364, 366, 367, 370, 371, 376, 377, 382, 400, 401, 402, 403, 405, 419], "summary": {"covered_lines": 15, "num_statements": 19, "percent_covered": 78.94736842105263, "percent_covered_display": "79", "missing_lines": 4, "excluded_lines": 0, "percent_statements_covered": 78.94736842105263, "percent_statements_covered_display": "79"}, "missing_lines": [391, 409, 410, 411], "excluded_lines": [], "start_line": 349}, "RoundTripValidator.compare_semantic_equivalence": {"executed_lines": [434, 437, 438, 439, 449, 456, 457, 458, 468, 475, 476, 487], "summary": {"covered_lines": 12, "num_statements": 13, "percent_covered": 92.3076923076923, "percent_covered_display": "92", "missing_lines": 1, "excluded_lines": 0, "percent_statements_covered": 92.3076923076923, "percent_statements_covered_display": "92"}, "missing_lines": [477], "excluded_lines": [], "start_line": 421}, "RoundTripValidator._compare_context_map": {"executed_lines": [493, 496, 497, 498, 508, 509, 520, 521, 532, 533, 534, 546, 547, 548, 559], "summary": {"covered_lines": 15, "num_statements": 19, "percent_covered": 78.94736842105263, "percent_covered_display": "79", "missing_lines": 4, "excluded_lines": 0, "percent_statements_covered": 78.94736842105263, "percent_statements_covered_display": "79"}, "missing_lines": [499, 522, 535, 549], "excluded_lines": [], "start_line": 489}, "RoundTripValidator._compare_bounded_contexts": {"executed_lines": [565, 568, 580, 581, 583, 584, 595, 598, 599, 600, 610, 622, 623, 624, 635], "summary": {"covered_lines": 15, "num_statements": 20, "percent_covered": 75.0, "percent_covered_display": "75", "missing_lines": 5, "excluded_lines": 0, "percent_statements_covered": 75.0, "percent_statements_covered_display": "75"}, "missing_lines": [569, 585, 601, 611, 625], "excluded_lines": [], "start_line": 561}, "RoundTripValidator.identify_discrepancies": {"executed_lines": [650], "summary": {"covered_lines": 1, "num_statements": 1, "percent_covered": 100.0, "percent_covered_display": "100", "missing_lines": 0, "excluded_lines": 0, "percent_statements_covered": 100.0, "percent_statements_covered_display": "100"}, "missing_lines": [], "excluded_lines": [], "start_line": 637}, "RoundTripValidator.validate_with_context_mapper": {"executed_lines": [662, 664, 669, 670, 679, 680, 681, 682, 691, 705, 706, 707, 708, 710, 711, 719, 722, 741], "summary": {"covered_lines": 18, "num_statements": 21, "percent_covered": 85.71428571428571, "percent_covered_display": "86", "missing_lines": 3, "excluded_lines": 0, "percent_statements_covered": 85.71428571428571, "percent_statements_covered_display": "86"}, "missing_lines": [731, 732, 733], "excluded_lines": [], "start_line": 652}, "": {"executed_lines": [7, 8, 9, 10, 12, 13, 14, 15, 16, 18, 21, 22, 31, 35, 44, 47, 48, 51, 52, 53, 54, 55, 56, 57, 58, 59, 60, 61, 64, 65, 68, 72, 93, 128, 234, 301, 335, 343, 349, 421, 489, 561, 637, 652], "summary": {"covered_lines": 44, "num_statements": 44, "percent_covered": 100.0, "percent_covered_display": "100", "missing_lines": 0, "excluded_lines": 0, "percent_statements_covered": 100.0, "percent_statements_covered_display": "100"}, "missing_lines": [], "excluded_lines": [], "start_line": 1}}, "classes": {"Discrepancy": {"executed_lines": [32], "summary": {"covered_lines": 1, "num_statements": 1, "percent_covered": 100.0, "percent_covered_display": "100", "missing_lines": 0, "excluded_lines": 0, "percent_statements_covered": 100.0, "percent_statements_covered_display": "100"}, "missing_lines": [], "excluded_lines": [], "start_line": 22}, "CMLParser": {"executed_lines": [75, 76, 77, 78, 79, 80, 81, 82, 83, 84, 85, 86, 87, 88, 89, 90, 91, 103, 104, 105, 108, 109, 110, 113, 114, 115, 118, 119, 120, 122, 130, 131, 133, 134, 137, 138, 139, 140, 141, 142, 143, 144, 145, 146, 148, 149, 150, 152, 155, 161, 162, 163, 166, 169, 170, 171, 176, 177, 178, 179, 188, 189, 190, 191, 196, 197, 198, 201, 202, 203, 211, 216, 217, 220, 221, 224, 225, 226, 227, 230, 232, 236, 237, 238, 239, 241, 242, 245, 246, 247, 248, 249, 250, 251, 252, 253, 255, 257, 261, 267, 268, 269, 270, 272, 273, 274, 275, 276, 279, 280, 281, 282, 285, 286, 287, 289, 294, 295, 296, 297, 299, 303, 304, 305, 306, 308, 309, 312, 313, 314, 315, 317, 318, 319, 321, 323, 324, 325, 327, 328, 329, 330, 332], "summary": {"covered_lines": 143, "num_statements": 149, "percent_covered": 95.97315436241611, "percent_covered_display": "96", "missing_lines": 6, "excluded_lines": 0, "percent_statements_covered": 95.97315436241611, "percent_statements_covered_display": "96"}, "missing_lines": [124, 125, 126, 156, 262, 288], "excluded_lines": [], "start_line": 35}, "RoundTripValidator": {"executed_lines": [345, 346, 347, 362, 364, 366, 367, 370, 371, 376, 377, 382, 400, 401, 402, 403, 405, 419, 434, 437, 438, 439, 449, 456, 457, 458, 468, 475, 476, 487, 493, 496, 497, 498, 508, 509, 520, 521, 532, 533, 534, 546, 547, 548, 559, 565, 568, 580, 581, 583, 584, 595, 598, 599, 600, 610, 622, 623, 624, 635, 650, 662, 664, 669, 670, 679, 680, 681, 682, 691, 705, 706, 707, 708, 710, 711, 719, 722, 741], "summary": {"covered_lines": 79, "num_statements": 96, "percent_covered": 82.29166666666667, "percent_covered_display": "82", "missing_lines": 17, "excluded_lines": 0, "percent_statements_covered": 82.29166666666667, "percent_statements_covered_display": "82"}, "missing_lines": [391, 409, 410, 411, 477, 499, 522, 535, 549, 569, 585, 601, 611, 625, 731, 732, 733], "excluded_lines": [], "start_line": 335}, "": {"executed_lines": [7, 8, 9, 10, 12, 13, 14, 15, 16, 18, 21, 22, 31, 35, 44, 47, 48, 51, 52, 53, 54, 55, 56, 57, 58, 59, 60, 61, 64, 65, 68, 72, 93, 128, 234, 301, 335, 343, 349, 421, 489, 561, 637, 652], "summary": {"covered_lines": 44, "num_statements": 44, "percent_covered": 100.0, "percent_covered_display": "100", "missing_lines": 0, "excluded_lines": 0, "percent_statements_covered": 100.0, "percent_statements_covered_display": "100"}, "missing_lines": [], "excluded_lines": [], "start_line": 1}}}, "src/context_mapper_json_converter/schemas/__init__.py": {"executed_lines": [], "summary": {"covered_lines": 0, "num_statements": 0, "percent_covered": 100.0, "percent_covered_display": "100", "missing_lines": 0, "excluded_lines": 0, "percent_statements_covered": 100.0, "percent_statements_covered_display": "100"}, "missing_lines": [], "excluded_lines": [], "functions": {"": {"executed_lines": [], "summary": {"covered_lines": 0, "num_statements": 0, "percent_covered": 100.0, "percent_covered_display": "100", "missing_lines": 0, "excluded_lines": 0, "percent_statements_covered": 100.0, "percent_statements_covered_display": "100"}, "missing_lines": [], "excluded_lines": [], "start_line": 1}}, "classes": {"": {"executed_lines": [], "summary": {"covered_lines": 0, "num_statements": 0, "percent_covered": 100.0, "percent_covered_display": "100", "missing_lines": 0, "excluded_lines": 0, "percent_statements_covered": 100.0, "percent_statements_covered_display": "100"}, "missing_lines": [], "excluded_lines": [], "start_line": 1}}}, "src/context_mapper_json_converter/schemas/bounded_context.py": {"executed_lines": [10, 11, 12, 14, 17, 19, 20, 21, 28], "summary": {"covered_lines": 9, "num_statements": 11, "percent_covered": 81.81818181818181, "percent_covered_display": "82", "missing_lines": 2, "excluded_lines": 0, "percent_statements_covered": 81.81818181818181, "percent_statements_covered_display": "82"}, "missing_lines": [22, 23], "excluded_lines": [], "functions": {"": {"executed_lines": [10, 11, 12, 14, 17, 19, 20, 21, 28], "summary": {"covered_lines": 9, "num_statements": 11, "percent_covered": 81.81818181818181, "percent_covered_display": "82", "missing_lines": 2, "excluded_lines": 0, "percent_statements_covered": 81.81818181818181, "percent_statements_covered_display": "82"}, "missing_lines": [22, 23], "excluded_lines": [], "start_line": 1}}, "classes": {"": {"executed_lines": [10, 11, 12, 14, 17, 19, 20, 21, 28], "summary": {"covered_lines": 9, "num_statements": 11, "percent_covered": 81.81818181818181, "percent_covered_display": "82", "missing_lines": 2, "excluded_lines": 0, "percent_statements_covered": 81.81818181818181, "percent_statements_covered_display": "82"}, "missing_lines": [22, 23], "excluded_lines": [], "start_line": 1}}}, "src/context_mapper_json_converter/schemas/context_map.py": {"executed_lines": [10, 11, 12, 14, 17, 19, 20, 21, 28], "summary": {"covered_lines": 9, "num_statements": 11, "percent_covered": 81.81818181818181, "percent_covered_display": "82", "missing_lines": 2, "excluded_lines": 0, "percent_statements_covered": 81.81818181818181, "percent_statements_covered_display": "82"}, "missing_lines": [22, 23], "excluded_lines": [], "functions": {"": {"executed_lines": [10, 11, 12, 14, 17, 19, 20, 21, 28], "summary": {"covered_lines": 9, "num_statements": 11, "percent_covered": 81.81818181818181, "percent_covered_display": "82", "missing_lines": 2, "excluded_lines": 0, "percent_statements_covered": 81.81818181818181, "percent_statements_covered_display": "82"}, "missing_lines": [22, 23], "excluded_lines": [], "start_line": 1}}, "classes": {"": {"executed_lines": [10, 11, 12, 14, 17, 19, 20, 21, 28], "summary": {"covered_lines": 9, "num_statements": 11, "percent_covered": 81.81818181818181, "percent_covered_display": "82", "missing_lines": 2, "excluded_lines": 0, "percent_statements_covered": 81.81818181818181, "percent_statements_covered_display": "82"}, "missing_lines": [22, 23], "excluded_lines": [], "start_line": 1}}}, "src/context_mapper_json_converter/schemas/subdomain.py": {"executed_lines": [10, 11, 12, 14, 17, 19, 20, 21, 28], "summary": {"covered_lines": 9, "num_statements": 11, "percent_covered": 81.81818181818181, "percent_covered_display": "82", "missing_lines": 2, "excluded_lines": 0, "percent_statements_covered": 81.81818181818181, "percent_statements_covered_display": "82"}, "missing_lines": [22, 23], "excluded_lines": [], "functions": {"": {"executed_lines": [10, 11, 12, 14, 17, 19, 20, 21, 28], "summary": {"covered_lines": 9, "num_statements": 11, "percent_covered": 81.81818181818181, "percent_covered_display": "82", "missing_lines": 2, "excluded_lines": 0, "percent_statements_covered": 81.81818181818181, "percent_statements_covered_display": "82"}, "missing_lines": [22, 23], "excluded_lines": [], "start_line": 1}}, "classes": {"": {"executed_lines": [10, 11, 12, 14, 17, 19, 20, 21, 28], "summary": {"covered_lines": 9, "num_statements": 11, "percent_covered": 81.81818181818181, "percent_covered_display": "82", "missing_lines": 2, "excluded_lines": 0, "percent_statements_covered": 81.81818181818181, "percent_statements_covered_display": "82"}, "missing_lines": [22, 23], "excluded_lines": [], "start_line": 1}}}, "src/context_mapper_json_converter/types.py": {"executed_lines": [23, 30, 39, 46, 55, 64, 72, 79, 86, 93, 100, 120, 132, 142, 158, 173], "summary": {"covered_lines": 16, "num_statements": 16, "percent_covered": 100.0, "percent_covered_display": "100", "missing_lines": 0, "excluded_lines": 0, "percent_statements_covered": 100.0, "percent_statements_covered_display": "100"}, "missing_lines": [], "excluded_lines": [], "functions": {"": {"executed_lines": [23, 30, 39, 46, 55, 64, 72, 79, 86, 93, 100, 120, 132, 142, 158, 173], "summary": {"covered_lines": 16, "num_statements": 16, "percent_covered": 100.0, "percent_covered_display": "100", "missing_lines": 0, "excluded_lines": 0, "percent_statements_covered": 100.0, "percent_statements_covered_display": "100"}, "missing_lines": [], "excluded_lines": [], "start_line": 1}}, "classes": {"AttributeDict": {"executed_lines": [], "summary": {"covered_lines": 0, "num_statements": 0, "percent_covered": 100.0, "percent_covered_display": "100", "missing_lines": 0, "excluded_lines": 0, "percent_statements_covered": 100.0, "percent_statements_covered_display": "100"}, "missing_lines": [], "excluded_lines": [], "start_line": 30}, "ParameterDict": {"executed_lines": [], "summary": {"covered_lines": 0, "num_statements": 0, "percent_covered": 100.0, "percent_covered_display": "100", "missing_lines": 0, "excluded_lines": 0, "percent_statements_covered": 100.0, "percent_statements_covered_display": "100"}, "missing_lines": [], "excluded_lines": [], "start_line": 39}, "OperationDict": {"executed_lines": [], "summary": {"covered_lines": 0, "num_statements": 0, "percent_covered": 100.0, "percent_covered_display": "100", "missing_lines": 0, "excluded_lines": 0, "percent_statements_covered": 100.0, "percent_statements_covered_display": "100"}, "missing_lines": [], "excluded_lines": [], "start_line": 46}, "EntityDict": {"executed_lines": [], "summary": {"covered_lines": 0, "num_statements": 0, "percent_covered": 100.0, "percent_covered_display": "100", "missing_lines": 0, "excluded_lines": 0, "percent_statements_covered": 100.0, "percent_statements_covered_display": "100"}, "missing_lines": [], "excluded_lines": [], "start_line": 55}, "ValueObjectDict": {"executed_lines": [], "summary": {"covered_lines": 0, "num_statements": 0, "percent_covered": 100.0, "percent_covered_display": "100", "missing_lines": 0, "excluded_lines": 0, "percent_statements_covered": 100.0, "percent_statements_covered_display": "100"}, "missing_lines": [], "excluded_lines": [], "start_line": 64}, "DomainEventDict": {"executed_lines": [], "summary": {"covered_lines": 0, "num_statements": 0, "percent_covered": 100.0, "percent_covered_display": "100", "missing_lines": 0, "excluded_lines": 0, "percent_statements_covered": 100.0, "percent_statements_covered_display": "100"}, "missing_lines": [], "excluded_lines": [], "start_line": 72}, "CommandDict": {"executed_lines": [], "summary": {"covered_lines": 0, "num_statements": 0, "percent_covered": 100.0, "percent_covered_display": "100", "missing_lines": 0, "excluded_lines": 0, "percent_statements_covered": 100.0, "percent_statements_covered_display": "100"}, "missing_lines": [], "excluded_lines": [], "start_line": 79}, "ServiceDict": {"executed_lines": [], "summary": {"covered_lines": 0, "num_statements": 0, "percent_covered": 100.0, "percent_covered_display": "100", "missing_lines": 0, "excluded_lines": 0, "percent_statements_covered": 100.0, "percent_statements_covered_display": "100"}, "missing_lines": [], "excluded_lines": [], "start_line": 86}, "RepositoryDict": {"executed_lines": [], "summary": {"covered_lines": 0, "num_statements": 0, "percent_covered": 100.0, "percent_covered_display": "100", "missing_lines": 0, "excluded_lines": 0, "percent_statements_covered": 100.0, "percent_statements_covered_display": "100"}, "missing_lines": [], "excluded_lines": [], "start_line": 93}, "AggregateDict": {"executed_lines": [], "summary": {"covered_lines": 0, "num_statements": 0, "percent_covered": 100.0, "percent_covered_display": "100", "missing_lines": 0, "excluded_lines": 0, "percent_statements_covered": 100.0, "percent_statements_covered_display": "100"}, "missing_lines": [], "excluded_lines": [], "start_line": 100}, "RelationshipDict": {"executed_lines": [], "summary": {"covered_lines": 0, "num_statements": 0, "percent_covered": 100.0, "percent_covered_display": "100", "missing_lines": 0, "excluded_lines": 0, "percent_statements_covered": 100.0, "percent_statements_covered_display": "100"}, "missing_lines": [], "excluded_lines": [], "start_line": 120}, "ContextMapDict": {"executed_lines": [], "summary": {"covered_lines": 0, "num_statements": 0, "percent_covered": 100.0, "percent_covered_display": "100", "missing_lines": 0, "excluded_lines": 0, "percent_statements_covered": 100.0, "percent_statements_covered_display": "100"}, "missing_lines": [], "excluded_lines": [], "start_line": 132}, "BoundedContextDict": {"executed_lines": [], "summary": {"covered_lines": 0, "num_statements": 0, "percent_covered": 100.0, "percent_covered_display": "100", "missing_lines": 0, "excluded_lines": 0, "percent_statements_covered": 100.0, "percent_statements_covered_display": "100"}, "missing_lines": [], "excluded_lines": [], "start_line": 142}, "SubdomainDict": {"executed_lines": [], "summary": {"covered_lines": 0, "num_statements": 0, "percent_covered": 100.0, "percent_covered_display": "100", "missing_lines": 0, "excluded_lines": 0, "percent_statements_covered": 100.0, "percent_statements_covered_display": "100"}, "missing_lines": [], "excluded_lines": [], "start_line": 158}, "ContextMapperDocument": {"executed_lines": [], "summary": {"covered_lines": 0, "num_statements": 0, "percent_covered": 100.0, "percent_covered_display": "100", "missing_lines": 0, "excluded_lines": 0, "percent_statements_covered": 100.0, "percent_statements_covered_display": "100"}, "missing_lines": [], "excluded_lines": [], "start_line": 173}, "": {"executed_lines": [23, 30, 39, 46, 55, 64, 72, 79, 86, 93, 100, 120, 132, 142, 158, 173], "summary": {"covered_lines": 16, "num_statements": 16, "percent_covered": 100.0, "percent_covered_display": "100", "missing_lines": 0, "excluded_lines": 0, "percent_statements_covered": 100.0, "percent_statements_covered_display": "100"}, "missing_lines": [], "excluded_lines": [], "start_line": 1}}}, "src/context_mapper_json_converter/validation.py": {"executed_lines": [5, 6, 7, 9, 10, 11, 13, 14, 18, 19, 20, 22, 25, 26, 32, 33, 34, 36, 38, 39, 40, 43, 44, 51, 53, 55, 56, 58, 60, 61, 63, 65, 67, 68, 70, 72, 75, 85, 87, 88, 89, 91, 103, 105, 107, 108, 110, 111, 115, 116, 119, 120, 122, 123, 126, 134, 136, 140, 141, 142, 143, 144, 150, 151, 153, 157, 167, 168, 169, 170, 171, 172, 178, 179, 181, 185, 195, 196, 197, 198, 209, 214, 215, 216, 226, 238, 240, 241, 242, 245, 261, 263, 271, 274, 275, 276, 277, 287, 288, 289, 290, 293, 294, 303, 304, 314, 315, 324, 328, 330, 331, 332, 335, 336, 345, 348, 349, 350, 355, 356, 365, 375, 377, 378, 379, 395, 397, 404, 407, 408, 409, 410, 411, 420, 424, 428, 429, 430, 431, 432, 433, 434, 435, 436, 438, 440, 450, 452, 453, 454, 457, 458, 459, 460, 466], "summary": {"covered_lines": 155, "num_statements": 175, "percent_covered": 88.57142857142857, "percent_covered_display": "89", "missing_lines": 20, "excluded_lines": 0, "percent_statements_covered": 88.57142857142857, "percent_statements_covered_display": "89"}, "missing_lines": [158, 165, 186, 193, 199, 200, 206, 207, 217, 249, 250, 253, 352, 383, 384, 387, 425, 437, 463, 464], "excluded_lines": [], "functions": {"ValidationError.__str__": {"executed_lines": [38, 39, 40], "summary": {"covered_lines": 3, "num_statements": 3, "percent_covered": 100.0, "percent_covered_display": "100", "missing_lines": 0, "excluded_lines": 0, "percent_statements_covered": 100.0, "percent_statements_covered_display": "100"}, "missing_lines": [], "excluded_lines": [], "start_line": 36}, "ValidationResult.__post_init__": {"executed_lines": [53], "summary": {"covered_lines": 1, "num_statements": 1, "percent_covered": 100.0, "percent_covered_display": "100", "missing_lines": 0, "excluded_lines": 0, "percent_statements_covered": 100.0, "percent_statements_covered_display": "100"}, "missing_lines": [], "excluded_lines": [], "start_line": 51}, "ValidationResult.has_errors": {"executed_lines": [58], "summary": {"covered_lines": 1, "num_statements": 1, "percent_covered": 100.0, "percent_covered_display": "100", "missing_lines": 0, "excluded_lines": 0, "percent_statements_covered": 100.0, "percent_statements_covered_display": "100"}, "missing_lines": [], "excluded_lines": [], "start_line": 56}, "ValidationResult.has_warnings": {"executed_lines": [63], "summary": {"covered_lines": 1, "num_statements": 1, "percent_covered": 100.0, "percent_covered_display": "100", "missing_lines": 0, "excluded_lines": 0, "percent_statements_covered": 100.0, "percent_statements_covered_display": "100"}, "missing_lines": [], "excluded_lines": [], "start_line": 61}, "ValidationResult.add_error": {"executed_lines": [67, 68], "summary": {"covered_lines": 2, "num_statements": 2, "percent_covered": 100.0, "percent_covered_display": "100", "missing_lines": 0, "excluded_lines": 0, "percent_statements_covered": 100.0, "percent_statements_covered_display": "100"}, "missing_lines": [], "excluded_lines": [], "start_line": 65}, "ValidationResult.add_warning": {"executed_lines": [72], "summary": {"covered_lines": 1, "num_statements": 1, "percent_covered": 100.0, "percent_covered_display": "100", "missing_lines": 0, "excluded_lines": 0, "percent_statements_covered": 100.0, "percent_statements_covered_display": "100"}, "missing_lines": [], "excluded_lines": [], "start_line": 70}, "ValidationEngine.__init__": {"executed_lines": [87, 88, 89], "summary": {"covered_lines": 3, "num_statements": 3, "percent_covered": 100.0, "percent_covered_display": "100", "missing_lines": 0, "excluded_lines": 0, "percent_statements_covered": 100.0, "percent_statements_covered_display": "100"}, "missing_lines": [], "excluded_lines": [], "start_line": 85}, "ValidationEngine.validate_json_schema": {"executed_lines": [103, 105, 107, 108, 110, 111, 115, 116, 119, 120, 122, 123, 126, 134], "summary": {"covered_lines": 14, "num_statements": 14, "percent_covered": 100.0, "percent_covered_display": "100", "missing_lines": 0, "excluded_lines": 0, "percent_statements_covered": 100.0, "percent_statements_covered_display": "100"}, "missing_lines": [], "excluded_lines": [], "start_line": 91}, "ValidationEngine._validate_context_map_schema": {"executed_lines": [140, 141, 142, 143, 144, 150, 151], "summary": {"covered_lines": 7, "num_statements": 7, "percent_covered": 100.0, "percent_covered_display": "100", "missing_lines": 0, "excluded_lines": 0, "percent_statements_covered": 100.0, "percent_statements_covered_display": "100"}, "missing_lines": [], "excluded_lines": [], "start_line": 136}, "ValidationEngine._validate_bounded_contexts_schema": {"executed_lines": [157, 167, 168, 169, 170, 171, 172, 178, 179], "summary": {"covered_lines": 9, "num_statements": 11, "percent_covered": 81.81818181818181, "percent_covered_display": "82", "missing_lines": 2, "excluded_lines": 0, "percent_statements_covered": 81.81818181818181, "percent_statements_covered_display": "82"}, "missing_lines": [158, 165], "excluded_lines": [], "start_line": 153}, "ValidationEngine._validate_subdomains_schema": {"executed_lines": [185, 195, 196, 197, 198], "summary": {"covered_lines": 5, "num_statements": 11, "percent_covered": 45.45454545454545, "percent_covered_display": "45", "missing_lines": 6, "excluded_lines": 0, "percent_statements_covered": 45.45454545454545, "percent_statements_covered_display": "45"}, "missing_lines": [186, 193, 199, 200, 206, 207], "excluded_lines": [], "start_line": 181}, "ValidationEngine._validate_complete_structure_schema": {"executed_lines": [214, 215, 216], "summary": {"covered_lines": 3, "num_statements": 4, "percent_covered": 75.0, "percent_covered_display": "75", "missing_lines": 1, "excluded_lines": 0, "percent_statements_covered": 75.0, "percent_statements_covered_display": "75"}, "missing_lines": [217], "excluded_lines": [], "start_line": 209}, "ValidationEngine.validate_semantic_rules": {"executed_lines": [238, 240, 241, 242, 245, 261], "summary": {"covered_lines": 6, "num_statements": 9, "percent_covered": 66.66666666666667, "percent_covered_display": "67", "missing_lines": 3, "excluded_lines": 0, "percent_statements_covered": 66.66666666666667, "percent_statements_covered_display": "67"}, "missing_lines": [249, 250, 253], "excluded_lines": [], "start_line": 226}, "ValidationEngine._validate_context_map_semantics": {"executed_lines": [271, 274, 275, 276, 277, 287, 288, 289, 290, 293, 294, 303, 304, 314, 315], "summary": {"covered_lines": 15, "num_statements": 15, "percent_covered": 100.0, "percent_covered_display": "100", "missing_lines": 0, "excluded_lines": 0, "percent_statements_covered": 100.0, "percent_statements_covered_display": "100"}, "missing_lines": [], "excluded_lines": [], "start_line": 263}, "ValidationEngine._validate_bounded_context_semantics": {"executed_lines": [328, 330, 331, 332, 335, 336, 345, 348, 349, 350, 355, 356], "summary": {"covered_lines": 12, "num_statements": 13, "percent_covered": 92.3076923076923, "percent_covered_display": "92", "missing_lines": 1, "excluded_lines": 0, "percent_statements_covered": 92.3076923076923, "percent_statements_covered_display": "92"}, "missing_lines": [352], "excluded_lines": [], "start_line": 324}, "ValidationEngine.validate_references": {"executed_lines": [375, 377, 378, 379, 395], "summary": {"covered_lines": 5, "num_statements": 8, "percent_covered": 62.5, "percent_covered_display": "62", "missing_lines": 3, "excluded_lines": 0, "percent_statements_covered": 62.5, "percent_statements_covered_display": "62"}, "missing_lines": [383, 384, 387], "excluded_lines": [], "start_line": 365}, "ValidationEngine._validate_cross_references": {"executed_lines": [404, 407, 408, 409, 410, 411], "summary": {"covered_lines": 6, "num_statements": 6, "percent_covered": 100.0, "percent_covered_display": "100", "missing_lines": 0, "excluded_lines": 0, "percent_statements_covered": 100.0, "percent_statements_covered_display": "100"}, "missing_lines": [], "excluded_lines": [], "start_line": 397}, "ValidationEngine._get_schema_error_suggestion": {"executed_lines": [424, 428, 429, 430, 431, 432, 433, 434, 435, 436, 438], "summary": {"covered_lines": 11, "num_statements": 13, "percent_covered": 84.61538461538461, "percent_covered_display": "85", "missing_lines": 2, "excluded_lines": 0, "percent_statements_covered": 84.61538461538461, "percent_statements_covered_display": "85"}, "missing_lines": [425, 437], "excluded_lines": [], "start_line": 420}, "ValidationEngine.get_validation_suggestions": {"executed_lines": [450, 452, 453, 454, 457, 458, 459, 460, 466], "summary": {"covered_lines": 9, "num_statements": 11, "percent_covered": 81.81818181818181, "percent_covered_display": "82", "missing_lines": 2, "excluded_lines": 0, "percent_statements_covered": 81.81818181818181, "percent_statements_covered_display": "82"}, "missing_lines": [463, 464], "excluded_lines": [], "start_line": 440}, "": {"executed_lines": [5, 6, 7, 9, 10, 11, 13, 14, 18, 19, 20, 22, 25, 26, 32, 33, 34, 36, 43, 44, 51, 55, 56, 60, 61, 65, 70, 75, 85, 91, 136, 153, 181, 209, 226, 263, 324, 365, 397, 420, 440], "summary": {"covered_lines": 41, "num_statements": 41, "percent_covered": 100.0, "percent_covered_display": "100", "missing_lines": 0, "excluded_lines": 0, "percent_statements_covered": 100.0, "percent_statements_covered_display": "100"}, "missing_lines": [], "excluded_lines": [], "start_line": 1}}, "classes": {"ValidationError": {"executed_lines": [38, 39, 40], "summary": {"covered_lines": 3, "num_statements": 3, "percent_covered": 100.0, "percent_covered_display": "100", "missing_lines": 0, "excluded_lines": 0, "percent_statements_covered": 100.0, "percent_statements_covered_display": "100"}, "missing_lines": [], "excluded_lines": [], "start_line": 26}, "ValidationResult": {"executed_lines": [53, 58, 63, 67, 68, 72], "summary": {"covered_lines": 6, "num_statements": 6, "percent_covered": 100.0, "percent_covered_display": "100", "missing_lines": 0, "excluded_lines": 0, "percent_statements_covered": 100.0, "percent_statements_covered_display": "100"}, "missing_lines": [], "excluded_lines": [], "start_line": 44}, "ValidationEngine": {"executed_lines": [87, 88, 89, 103, 105, 107, 108, 110, 111, 115, 116, 119, 120, 122, 123, 126, 134, 140, 141, 142, 143, 144, 150, 151, 157, 167, 168, 169, 170, 171, 172, 178, 179, 185, 195, 196, 197, 198, 214, 215, 216, 238, 240, 241, 242, 245, 261, 271, 274, 275, 276, 277, 287, 288, 289, 290, 293, 294, 303, 304, 314, 315, 328, 330, 331, 332, 335, 336, 345, 348, 349, 350, 355, 356, 375, 377, 378, 379, 395, 404, 407, 408, 409, 410, 411, 424, 428, 429, 430, 431, 432, 433, 434, 435, 436, 438, 450, 452, 453, 454, 457, 458, 459, 460, 466], "summary": {"covered_lines": 105, "num_statements": 125, "percent_covered": 84.0, "percent_covered_display": "84", "missing_lines": 20, "excluded_lines": 0, "percent_statements_covered": 84.0, "percent_statements_covered_display": "84"}, "missing_lines": [158, 165, 186, 193, 199, 200, 206, 207, 217, 249, 250, 253, 352, 383, 384, 387, 425, 437, 463, 464], "excluded_lines": [], "start_line": 75}, "": {"executed_lines": [5, 6, 7, 9, 10, 11, 13, 14, 18, 19, 20, 22, 25, 26, 32, 33, 34, 36, 43, 44, 51, 55, 56, 60, 61, 65, 70, 75, 85, 91, 136, 153, 181, 209, 226, 263, 324, 365, 397, 420, 440], "summary": {"covered_lines": 41, "num_statements": 41, "percent_covered": 100.0, "percent_covered_display": "100", "missing_lines": 0, "excluded_lines": 0, "percent_statements_covered": 100.0, "percent_statements_covered_display": "100"}, "missing_lines": [], "excluded_lines": [], "start_line": 1}}}}, "totals": {"covered_lines": 1335, "num_statements": 1473, "percent_covered": 90.63136456211812, "percent_covered_display": "91", "missing_lines": 138, "excluded_lines": 2, "percent_statements_covered": 90.63136456211812, "percent_statements_covered_display": "91"}}