{"meta": {"format": 3, "version": "7.13.5", "timestamp": "2026-05-06T17:35:36.497085", "branch_coverage": false, "show_contexts": false}, "files": {"src/__init__.py": {"executed_lines": [], "summary": {"covered_lines": 0, "num_statements": 0, "percent_covered": 100.0, "percent_covered_display": "100", "missing_lines": 0, "excluded_lines": 0, "percent_statements_covered": 100.0, "percent_statements_covered_display": "100"}, "missing_lines": [], "excluded_lines": [], "functions": {"": {"executed_lines": [], "summary": {"covered_lines": 0, "num_statements": 0, "percent_covered": 100.0, "percent_covered_display": "100", "missing_lines": 0, "excluded_lines": 0, "percent_statements_covered": 100.0, "percent_statements_covered_display": "100"}, "missing_lines": [], "excluded_lines": [], "start_line": 1}}, "classes": {"": {"executed_lines": [], "summary": {"covered_lines": 0, "num_statements": 0, "percent_covered": 100.0, "percent_covered_display": "100", "missing_lines": 0, "excluded_lines": 0, "percent_statements_covered": 100.0, "percent_statements_covered_display": "100"}, "missing_lines": [], "excluded_lines": [], "start_line": 1}}}, "src/context_mapper_json_converter/__init__.py": {"executed_lines": [7, 8, 9, 11, 12, 13, 14, 15, 16, 17, 19], "summary": {"covered_lines": 11, "num_statements": 11, "percent_covered": 100.0, "percent_covered_display": "100", "missing_lines": 0, "excluded_lines": 0, "percent_statements_covered": 100.0, "percent_statements_covered_display": "100"}, "missing_lines": [], "excluded_lines": [], "functions": {"": {"executed_lines": [7, 8, 9, 11, 12, 13, 14, 15, 16, 17, 19], "summary": {"covered_lines": 11, "num_statements": 11, "percent_covered": 100.0, "percent_covered_display": "100", "missing_lines": 0, "excluded_lines": 0, "percent_statements_covered": 100.0, "percent_statements_covered_display": "100"}, "missing_lines": [], "excluded_lines": [], "start_line": 1}}, "classes": {"": {"executed_lines": [7, 8, 9, 11, 12, 13, 14, 15, 16, 17, 19], "summary": {"covered_lines": 11, "num_statements": 11, "percent_covered": 100.0, "percent_covered_display": "100", "missing_lines": 0, "excluded_lines": 0, "percent_statements_covered": 100.0, "percent_statements_covered_display": "100"}, "missing_lines": [], "excluded_lines": [], "start_line": 1}}}, "src/context_mapper_json_converter/cli.py": {"executed_lines": [6, 7, 8, 9, 10, 12, 14, 15, 16, 17, 18, 19, 22, 23, 24, 25, 28, 29, 32, 37, 42, 43, 49, 68, 69, 70, 72, 74, 75, 76, 79, 82, 83, 85, 86, 87, 89, 90, 91, 94, 95, 97, 98, 99, 100, 103, 104, 105, 106, 107, 109, 111, 114, 115, 117, 118, 119, 120, 121, 123, 126, 127, 133, 134, 135, 138, 139, 140, 142, 145, 146, 147, 148, 150, 151, 152, 153, 154, 156, 157, 158, 159, 161, 164, 165, 166, 168, 169, 170, 171, 173, 175, 176, 177, 178, 181, 182, 183, 187, 188, 189, 190, 192, 194, 195, 196, 197, 200, 201, 202, 203, 204, 206, 207, 208, 209, 212, 213, 214, 215, 216, 220, 221, 223, 224, 225, 227, 228, 229, 232, 233, 234, 237, 241, 242, 243, 244, 245, 246, 249, 250, 251, 252, 253, 254, 256, 257, 258, 259, 262, 263, 264, 265, 266, 268, 269, 272, 273, 275, 278, 279, 280, 282, 285, 286, 287, 289, 290, 292, 294, 295, 298, 299, 302, 303, 305, 306, 308, 309, 310, 312, 313, 314, 315, 317, 318, 321, 322, 324, 325, 327, 329, 330, 332, 333, 334, 335, 336, 338, 339, 340, 341, 344, 345, 346, 353, 355, 357, 359, 360, 363, 364, 367, 368, 369, 370, 371, 373, 374, 375, 376, 377, 378, 379, 380, 382, 383, 386, 387, 389, 391, 395], "summary": {"covered_lines": 232, "num_statements": 237, "percent_covered": 97.8902953586498, "percent_covered_display": "98", "missing_lines": 5, "excluded_lines": 2, "percent_statements_covered": 97.8902953586498, "percent_statements_covered_display": "98"}, "missing_lines": [128, 129, 130, 260, 261], "excluded_lines": [398, 399], "functions": {"convert": {"executed_lines": [68, 69, 70, 72, 74, 75, 76, 79, 82, 83, 85, 86, 87, 89, 90, 91, 94, 95, 97, 98, 99, 100, 103, 104, 105, 106, 107, 109, 111, 114, 115, 117, 118, 119, 120, 121, 123, 126, 127, 133, 134, 135, 138, 139, 140, 142, 145, 146, 147, 148, 150, 151, 152, 153, 154, 156, 157, 158, 159, 161, 164, 165, 166, 168, 169, 170, 171, 173, 175, 176, 177, 178, 181, 182, 183, 187, 188, 189, 190, 192, 194, 195, 196, 197, 200, 201, 202, 203, 204, 206, 207, 208, 209, 212, 213, 214, 215, 216, 220, 221, 223, 224, 225, 227, 228, 229, 232, 233, 234, 237, 241, 242, 243, 244, 245, 246, 249, 250, 251, 252, 253, 254, 256, 257, 258, 259, 262, 263, 264, 265, 266, 268, 269], "summary": {"covered_lines": 133, "num_statements": 138, "percent_covered": 96.3768115942029, "percent_covered_display": "96", "missing_lines": 5, "excluded_lines": 0, "percent_statements_covered": 96.3768115942029, "percent_statements_covered_display": "96"}, "missing_lines": [128, 129, 130, 260, 261], "excluded_lines": [], "start_line": 49}, "main": {"executed_lines": [275], "summary": {"covered_lines": 1, "num_statements": 1, "percent_covered": 100.0, "percent_covered_display": "100", "missing_lines": 0, "excluded_lines": 0, "percent_statements_covered": 100.0, "percent_statements_covered_display": "100"}, "missing_lines": [], "excluded_lines": [], "start_line": 273}, "validate": {"executed_lines": [282], "summary": {"covered_lines": 1, "num_statements": 1, "percent_covered": 100.0, "percent_covered_display": "100", "missing_lines": 0, "excluded_lines": 0, "percent_statements_covered": 100.0, "percent_statements_covered_display": "100"}, "missing_lines": [], "excluded_lines": [], "start_line": 280}, "round_trip": {"executed_lines": [289, 290, 292, 294, 295, 298, 299, 302, 303, 305, 306, 308, 309, 310, 312, 313, 314, 315, 317, 318], "summary": {"covered_lines": 20, "num_statements": 20, "percent_covered": 100.0, "percent_covered_display": "100", "missing_lines": 0, "excluded_lines": 0, "percent_statements_covered": 100.0, "percent_statements_covered_display": "100"}, "missing_lines": [], "excluded_lines": [], "start_line": 287}, "integration_status": {"executed_lines": [324, 325, 327, 329, 330, 332, 333, 334, 335, 336, 338, 339, 340, 341], "summary": {"covered_lines": 14, "num_statements": 14, "percent_covered": 100.0, "percent_covered_display": "100", "missing_lines": 0, "excluded_lines": 0, "percent_statements_covered": 100.0, "percent_statements_covered_display": "100"}, "missing_lines": [], "excluded_lines": [], "start_line": 322}, "generate": {"executed_lines": [355, 357, 359, 360, 363, 364, 367, 368, 369, 370, 371, 373, 374, 375, 376, 377, 378, 379, 380, 382, 383], "summary": {"covered_lines": 21, "num_statements": 21, "percent_covered": 100.0, "percent_covered_display": "100", "missing_lines": 0, "excluded_lines": 0, "percent_statements_covered": 100.0, "percent_statements_covered_display": "100"}, "missing_lines": [], "excluded_lines": [], "start_line": 353}, "version": {"executed_lines": [389, 391], "summary": {"covered_lines": 2, "num_statements": 2, "percent_covered": 100.0, "percent_covered_display": "100", "missing_lines": 0, "excluded_lines": 0, "percent_statements_covered": 100.0, "percent_statements_covered_display": "100"}, "missing_lines": [], "excluded_lines": [], "start_line": 387}, "": {"executed_lines": [6, 7, 8, 9, 10, 12, 14, 15, 16, 17, 18, 19, 22, 23, 24, 25, 28, 29, 32, 37, 42, 43, 49, 272, 273, 278, 279, 280, 285, 286, 287, 321, 322, 344, 345, 346, 353, 386, 387, 395], "summary": {"covered_lines": 40, "num_statements": 40, "percent_covered": 100.0, "percent_covered_display": "100", "missing_lines": 0, "excluded_lines": 2, "percent_statements_covered": 100.0, "percent_statements_covered_display": "100"}, "missing_lines": [], "excluded_lines": [398, 399], "start_line": 1}}, "classes": {"": {"executed_lines": [6, 7, 8, 9, 10, 12, 14, 15, 16, 17, 18, 19, 22, 23, 24, 25, 28, 29, 32, 37, 42, 43, 49, 68, 69, 70, 72, 74, 75, 76, 79, 82, 83, 85, 86, 87, 89, 90, 91, 94, 95, 97, 98, 99, 100, 103, 104, 105, 106, 107, 109, 111, 114, 115, 117, 118, 119, 120, 121, 123, 126, 127, 133, 134, 135, 138, 139, 140, 142, 145, 146, 147, 148, 150, 151, 152, 153, 154, 156, 157, 158, 159, 161, 164, 165, 166, 168, 169, 170, 171, 173, 175, 176, 177, 178, 181, 182, 183, 187, 188, 189, 190, 192, 194, 195, 196, 197, 200, 201, 202, 203, 204, 206, 207, 208, 209, 212, 213, 214, 215, 216, 220, 221, 223, 224, 225, 227, 228, 229, 232, 233, 234, 237, 241, 242, 243, 244, 245, 246, 249, 250, 251, 252, 253, 254, 256, 257, 258, 259, 262, 263, 264, 265, 266, 268, 269, 272, 273, 275, 278, 279, 280, 282, 285, 286, 287, 289, 290, 292, 294, 295, 298, 299, 302, 303, 305, 306, 308, 309, 310, 312, 313, 314, 315, 317, 318, 321, 322, 324, 325, 327, 329, 330, 332, 333, 334, 335, 336, 338, 339, 340, 341, 344, 345, 346, 353, 355, 357, 359, 360, 363, 364, 367, 368, 369, 370, 371, 373, 374, 375, 376, 377, 378, 379, 380, 382, 383, 386, 387, 389, 391, 395], "summary": {"covered_lines": 232, "num_statements": 237, "percent_covered": 97.8902953586498, "percent_covered_display": "98", "missing_lines": 5, "excluded_lines": 2, "percent_statements_covered": 97.8902953586498, "percent_statements_covered_display": "98"}, "missing_lines": [128, 129, 130, 260, 261], "excluded_lines": [398, 399], "start_line": 1}}}, "src/context_mapper_json_converter/cml_validator.py": {"executed_lines": [7, 8, 9, 10, 11, 13, 16, 17, 26, 36, 38, 40, 44, 49, 54, 57, 58, 63, 64, 67, 68, 69, 70, 71, 77, 79, 89, 91, 93, 95, 97, 109, 111, 113, 114, 115, 116, 118, 119, 120, 121, 123, 125, 126, 127, 130, 142, 153, 159, 160, 163, 164, 165, 168, 179, 185, 186, 189, 191, 194, 195, 196, 199, 202, 203, 204, 205, 206, 207, 215, 216, 217, 218, 219, 220, 225, 226, 227, 230, 231, 232, 233, 235, 236, 237, 239, 251, 254, 255, 256, 269, 280, 282, 286, 287, 290, 301, 302, 303, 304, 307, 308, 320, 321, 322, 323, 325, 335, 346, 347, 360, 373], "summary": {"covered_lines": 112, "num_statements": 132, "percent_covered": 84.84848484848484, "percent_covered_display": "85", "missing_lines": 20, "excluded_lines": 0, "percent_statements_covered": 84.84848484848484, "percent_statements_covered_display": "85"}, "missing_lines": [99, 100, 101, 131, 143, 169, 243, 258, 259, 270, 291, 309, 326, 336, 348, 351, 371, 383, 388, 397], "excluded_lines": [], "functions": {"CMLValidator.__init__": {"executed_lines": [38], "summary": {"covered_lines": 1, "num_statements": 1, "percent_covered": 100.0, "percent_covered_display": "100", "missing_lines": 0, "excluded_lines": 0, "percent_statements_covered": 100.0, "percent_statements_covered_display": "100"}, "missing_lines": [], "excluded_lines": [], "start_line": 36}, "CMLValidator._setup_patterns": {"executed_lines": [44, 49, 54, 57, 58, 63, 64, 67, 68, 69, 70, 71, 77], "summary": {"covered_lines": 13, "num_statements": 13, "percent_covered": 100.0, "percent_covered_display": "100", "missing_lines": 0, "excluded_lines": 0, "percent_statements_covered": 100.0, "percent_statements_covered_display": "100"}, "missing_lines": [], "excluded_lines": [], "start_line": 40}, "CMLValidator.validate_syntax": {"executed_lines": [89, 91, 93, 95, 97, 109], "summary": {"covered_lines": 6, "num_statements": 9, "percent_covered": 66.66666666666667, "percent_covered_display": "67", "missing_lines": 3, "excluded_lines": 0, "percent_statements_covered": 66.66666666666667, "percent_statements_covered_display": "67"}, "missing_lines": [99, 100, 101], "excluded_lines": [], "start_line": 79}, "CMLValidator._parse_cml": {"executed_lines": [113, 114, 115, 116, 118, 119, 120, 121, 123, 125, 126, 127, 130, 142, 153, 159, 160, 163, 164, 165, 168, 179, 185, 186, 189, 191, 194, 195, 196, 199, 202, 203, 204, 205, 206, 207, 215, 216, 217, 218, 219, 220, 225, 226, 227, 230, 231, 232, 233, 235, 236, 237, 239, 251, 254, 255, 256, 269, 280], "summary": {"covered_lines": 59, "num_statements": 66, "percent_covered": 89.39393939393939, "percent_covered_display": "89", "missing_lines": 7, "excluded_lines": 0, "percent_statements_covered": 89.39393939393939, "percent_statements_covered_display": "89"}, "missing_lines": [131, 143, 169, 243, 258, 259, 270], "excluded_lines": [], "start_line": 111}, "CMLValidator._validate_parsed_elements": {"executed_lines": [286, 287, 290, 301, 302, 303, 304, 307, 308, 320, 321, 322, 323, 325, 335, 346, 347], "summary": {"covered_lines": 17, "num_statements": 23, "percent_covered": 73.91304347826087, "percent_covered_display": "74", "missing_lines": 6, "excluded_lines": 0, "percent_statements_covered": 73.91304347826087, "percent_statements_covered_display": "74"}, "missing_lines": [291, 309, 326, 336, 348, 351], "excluded_lines": [], "start_line": 282}, "CMLValidator.validate_semantics": {"executed_lines": [], "summary": {"covered_lines": 0, "num_statements": 1, "percent_covered": 0.0, "percent_covered_display": "0", "missing_lines": 1, "excluded_lines": 0, "percent_statements_covered": 0.0, "percent_statements_covered_display": "0"}, "missing_lines": [371], "excluded_lines": [], "start_line": 360}, "CMLValidator.validate_with_context_mapper": {"executed_lines": [], "summary": {"covered_lines": 0, "num_statements": 3, "percent_covered": 0.0, "percent_covered_display": "0", "missing_lines": 3, "excluded_lines": 0, "percent_statements_covered": 0.0, "percent_statements_covered_display": "0"}, "missing_lines": [383, 388, 397], "excluded_lines": [], "start_line": 373}, "": {"executed_lines": [7, 8, 9, 10, 11, 13, 16, 17, 26, 36, 40, 79, 111, 282, 360, 373], "summary": {"covered_lines": 16, "num_statements": 16, "percent_covered": 100.0, "percent_covered_display": "100", "missing_lines": 0, "excluded_lines": 0, "percent_statements_covered": 100.0, "percent_statements_covered_display": "100"}, "missing_lines": [], "excluded_lines": [], "start_line": 1}}, "classes": {"CMLElement": {"executed_lines": [], "summary": {"covered_lines": 0, "num_statements": 0, "percent_covered": 100.0, "percent_covered_display": "100", "missing_lines": 0, "excluded_lines": 0, "percent_statements_covered": 100.0, "percent_statements_covered_display": "100"}, "missing_lines": [], "excluded_lines": [], "start_line": 17}, "CMLValidator": {"executed_lines": [38, 44, 49, 54, 57, 58, 63, 64, 67, 68, 69, 70, 71, 77, 89, 91, 93, 95, 97, 109, 113, 114, 115, 116, 118, 119, 120, 121, 123, 125, 126, 127, 130, 142, 153, 159, 160, 163, 164, 165, 168, 179, 185, 186, 189, 191, 194, 195, 196, 199, 202, 203, 204, 205, 206, 207, 215, 216, 217, 218, 219, 220, 225, 226, 227, 230, 231, 232, 233, 235, 236, 237, 239, 251, 254, 255, 256, 269, 280, 286, 287, 290, 301, 302, 303, 304, 307, 308, 320, 321, 322, 323, 325, 335, 346, 347], "summary": {"covered_lines": 96, "num_statements": 116, "percent_covered": 82.75862068965517, "percent_covered_display": "83", "missing_lines": 20, "excluded_lines": 0, "percent_statements_covered": 82.75862068965517, "percent_statements_covered_display": "83"}, "missing_lines": [99, 100, 101, 131, 143, 169, 243, 258, 259, 270, 291, 309, 326, 336, 348, 351, 371, 383, 388, 397], "excluded_lines": [], "start_line": 26}, "": {"executed_lines": [7, 8, 9, 10, 11, 13, 16, 17, 26, 36, 40, 79, 111, 282, 360, 373], "summary": {"covered_lines": 16, "num_statements": 16, "percent_covered": 100.0, "percent_covered_display": "100", "missing_lines": 0, "excluded_lines": 0, "percent_statements_covered": 100.0, "percent_statements_covered_display": "100"}, "missing_lines": [], "excluded_lines": [], "start_line": 1}}}, "src/context_mapper_json_converter/config.py": {"executed_lines": [5, 6, 7, 8, 11, 12, 13, 14, 18, 20, 28, 50, 53, 55, 56, 57, 59, 61, 62, 67, 69, 71, 73, 74, 76, 77, 78, 80, 82, 84, 86, 87, 89, 90, 91, 92, 94, 98, 101, 104, 108], "summary": {"covered_lines": 41, "num_statements": 45, "percent_covered": 91.11111111111111, "percent_covered_display": "91", "missing_lines": 4, "excluded_lines": 0, "percent_statements_covered": 91.11111111111111, "percent_statements_covered_display": "91"}, "missing_lines": [102, 103, 105, 106], "excluded_lines": [], "functions": {"setup_logging": {"executed_lines": [20], "summary": {"covered_lines": 1, "num_statements": 1, "percent_covered": 100.0, "percent_covered_display": "100", "missing_lines": 0, "excluded_lines": 0, "percent_statements_covered": 100.0, "percent_statements_covered_display": "100"}, "missing_lines": [], "excluded_lines": [], "start_line": 18}, "Config.__init__": {"executed_lines": [55, 56, 57], "summary": {"covered_lines": 3, "num_statements": 3, "percent_covered": 100.0, "percent_covered_display": "100", "missing_lines": 0, "excluded_lines": 0, "percent_statements_covered": 100.0, "percent_statements_covered_display": "100"}, "missing_lines": [], "excluded_lines": [], "start_line": 53}, "Config._update_config": {"executed_lines": [61, 62, 67, 69], "summary": {"covered_lines": 4, "num_statements": 4, "percent_covered": 100.0, "percent_covered_display": "100", "missing_lines": 0, "excluded_lines": 0, "percent_statements_covered": 100.0, "percent_statements_covered_display": "100"}, "missing_lines": [], "excluded_lines": [], "start_line": 59}, "Config.get": {"executed_lines": [73, 74, 76, 77, 78, 80, 82], "summary": {"covered_lines": 7, "num_statements": 7, "percent_covered": 100.0, "percent_covered_display": "100", "missing_lines": 0, "excluded_lines": 0, "percent_statements_covered": 100.0, "percent_statements_covered_display": "100"}, "missing_lines": [], "excluded_lines": [], "start_line": 71}, "Config.set": {"executed_lines": [86, 87, 89, 90, 91, 92, 94], "summary": {"covered_lines": 7, "num_statements": 7, "percent_covered": 100.0, "percent_covered_display": "100", "missing_lines": 0, "excluded_lines": 0, "percent_statements_covered": 100.0, "percent_statements_covered_display": "100"}, "missing_lines": [], "excluded_lines": [], "start_line": 84}, "": {"executed_lines": [5, 6, 7, 8, 11, 12, 13, 14, 18, 28, 50, 53, 59, 71, 84, 98, 101, 104, 108], "summary": {"covered_lines": 19, "num_statements": 23, "percent_covered": 82.6086956521739, "percent_covered_display": "83", "missing_lines": 4, "excluded_lines": 0, "percent_statements_covered": 82.6086956521739, "percent_statements_covered_display": "83"}, "missing_lines": [102, 103, 105, 106], "excluded_lines": [], "start_line": 1}}, "classes": {"Config": {"executed_lines": [55, 56, 57, 61, 62, 67, 69, 73, 74, 76, 77, 78, 80, 82, 86, 87, 89, 90, 91, 92, 94], "summary": {"covered_lines": 21, "num_statements": 21, "percent_covered": 100.0, "percent_covered_display": "100", "missing_lines": 0, "excluded_lines": 0, "percent_statements_covered": 100.0, "percent_statements_covered_display": "100"}, "missing_lines": [], "excluded_lines": [], "start_line": 50}, "": {"executed_lines": [5, 6, 7, 8, 11, 12, 13, 14, 18, 20, 28, 50, 53, 59, 71, 84, 98, 101, 104, 108], "summary": {"covered_lines": 20, "num_statements": 24, "percent_covered": 83.33333333333333, "percent_covered_display": "83", "missing_lines": 4, "excluded_lines": 0, "percent_statements_covered": 83.33333333333333, "percent_statements_covered_display": "83"}, "missing_lines": [102, 103, 105, 106], "excluded_lines": [], "start_line": 1}}}, "src/context_mapper_json_converter/context_mapper_integration.py": {"executed_lines": [7, 8, 9, 10, 11, 12, 13, 14, 16, 19, 20, 25, 26, 27, 30, 41, 43, 52, 54, 56, 57, 58, 65, 68, 70, 71, 72, 76, 81, 82, 84, 86, 88, 89, 90, 91, 94, 95, 96, 98, 100, 102, 104, 106, 108, 118, 120, 131, 133, 136, 137, 139, 141, 142, 143, 144, 145, 146, 149, 150, 151, 152, 153, 154, 157, 158, 168, 180, 182, 184, 186, 188, 217, 225, 226, 234, 236, 238, 240, 242, 267, 275, 276, 284, 286, 299, 301, 302, 310, 312, 314, 317, 318, 320, 322, 348, 350, 351, 352, 360, 362, 369, 371, 385, 387, 389, 390, 394, 395, 399, 400, 408, 411, 419, 421, 423, 436, 437, 439, 442, 443, 444, 446, 447, 450, 451, 452, 453, 471, 472, 475, 476, 477, 478, 479, 481, 483, 485, 487], "summary": {"covered_lines": 139, "num_statements": 164, "percent_covered": 84.7560975609756, "percent_covered_display": "85", "missing_lines": 25, "excluded_lines": 0, "percent_statements_covered": 84.7560975609756, "percent_statements_covered_display": "85"}, "missing_lines": [74, 121, 129, 170, 171, 172, 195, 196, 198, 199, 200, 201, 209, 218, 249, 250, 251, 259, 268, 329, 330, 338, 456, 457, 468], "excluded_lines": [], "functions": {"ContextMapperIntegration.__init__": {"executed_lines": [43, 52], "summary": {"covered_lines": 2, "num_statements": 2, "percent_covered": 100.0, "percent_covered_display": "100", "missing_lines": 0, "excluded_lines": 0, "percent_statements_covered": 100.0, "percent_statements_covered_display": "100"}, "missing_lines": [], "excluded_lines": [], "start_line": 41}, "ContextMapperIntegration._detect_tools": {"executed_lines": [56, 57, 58, 65, 68, 70, 71, 72, 76, 81, 82], "summary": {"covered_lines": 11, "num_statements": 12, "percent_covered": 91.66666666666667, "percent_covered_display": "92", "missing_lines": 1, "excluded_lines": 0, "percent_statements_covered": 91.66666666666667, "percent_statements_covered_display": "92"}, "missing_lines": [74], "excluded_lines": [], "start_line": 54}, "ContextMapperIntegration._extract_version": {"executed_lines": [86, 88, 89, 90, 91, 94, 95, 96, 98], "summary": {"covered_lines": 9, "num_statements": 9, "percent_covered": 100.0, "percent_covered_display": "100", "missing_lines": 0, "excluded_lines": 0, "percent_statements_covered": 100.0, "percent_statements_covered_display": "100"}, "missing_lines": [], "excluded_lines": [], "start_line": 84}, "ContextMapperIntegration.get_available_tools": {"executed_lines": [102], "summary": {"covered_lines": 1, "num_statements": 1, "percent_covered": 100.0, "percent_covered_display": "100", "missing_lines": 0, "excluded_lines": 0, "percent_statements_covered": 100.0, "percent_statements_covered_display": "100"}, "missing_lines": [], "excluded_lines": [], "start_line": 100}, "ContextMapperIntegration.is_context_mapper_available": {"executed_lines": [106], "summary": {"covered_lines": 1, "num_statements": 1, "percent_covered": 100.0, "percent_covered_display": "100", "missing_lines": 0, "excluded_lines": 0, "percent_statements_covered": 100.0, "percent_statements_covered_display": "100"}, "missing_lines": [], "excluded_lines": [], "start_line": 104}, "ContextMapperIntegration.validate_cml_with_cli": {"executed_lines": [118, 120, 131, 133, 136, 137, 139, 141, 142, 143, 144, 145, 146, 149, 150, 151, 152, 153, 154, 157, 158, 168, 180], "summary": {"covered_lines": 23, "num_statements": 28, "percent_covered": 82.14285714285714, "percent_covered_display": "82", "missing_lines": 5, "excluded_lines": 0, "percent_statements_covered": 82.14285714285714, "percent_statements_covered_display": "82"}, "missing_lines": [121, 129, 170, 171, 172], "excluded_lines": [], "start_line": 108}, "ContextMapperIntegration._validate_with_contextmapper_cli": {"executed_lines": [184, 186, 188, 217, 225, 226, 234], "summary": {"covered_lines": 7, "num_statements": 15, "percent_covered": 46.666666666666664, "percent_covered_display": "47", "missing_lines": 8, "excluded_lines": 0, "percent_statements_covered": 46.666666666666664, "percent_statements_covered_display": "47"}, "missing_lines": [195, 196, 198, 199, 200, 201, 209, 218], "excluded_lines": [], "start_line": 182}, "ContextMapperIntegration._validate_with_cml_cli": {"executed_lines": [238, 240, 242, 267, 275, 276, 284], "summary": {"covered_lines": 7, "num_statements": 12, "percent_covered": 58.333333333333336, "percent_covered_display": "58", "missing_lines": 5, "excluded_lines": 0, "percent_statements_covered": 58.333333333333336, "percent_statements_covered_display": "58"}, "missing_lines": [249, 250, 251, 259, 268], "excluded_lines": [], "start_line": 236}, "ContextMapperIntegration.generate_artifacts": {"executed_lines": [299, 301, 302, 310, 312, 314, 317, 318, 320, 322, 348, 350, 351, 352, 360], "summary": {"covered_lines": 15, "num_statements": 18, "percent_covered": 83.33333333333333, "percent_covered_display": "83", "missing_lines": 3, "excluded_lines": 0, "percent_statements_covered": 83.33333333333333, "percent_statements_covered_display": "83"}, "missing_lines": [329, 330, 338], "excluded_lines": [], "start_line": 286}, "ContextMapperIntegration.get_integration_status": {"executed_lines": [369, 371], "summary": {"covered_lines": 2, "num_statements": 2, "percent_covered": 100.0, "percent_covered_display": "100", "missing_lines": 0, "excluded_lines": 0, "percent_statements_covered": 100.0, "percent_statements_covered_display": "100"}, "missing_lines": [], "excluded_lines": [], "start_line": 362}, "ContextMapperIntegration._get_setup_recommendations": {"executed_lines": [387, 389, 390, 394, 395, 399, 400, 408], "summary": {"covered_lines": 8, "num_statements": 8, "percent_covered": 100.0, "percent_covered_display": "100", "missing_lines": 0, "excluded_lines": 0, "percent_statements_covered": 100.0, "percent_statements_covered_display": "100"}, "missing_lines": [], "excluded_lines": [], "start_line": 385}, "ContextMapperWorkflow.__init__": {"executed_lines": [421], "summary": {"covered_lines": 1, "num_statements": 1, "percent_covered": 100.0, "percent_covered_display": "100", "missing_lines": 0, "excluded_lines": 0, "percent_statements_covered": 100.0, "percent_statements_covered_display": "100"}, "missing_lines": [], "excluded_lines": [], "start_line": 419}, "ContextMapperWorkflow.validate_and_generate_workflow": {"executed_lines": [436, 437, 439, 442, 443, 444, 446, 447, 450, 451, 452, 453, 471, 472, 475, 476, 477, 478, 479, 481], "summary": {"covered_lines": 20, "num_statements": 23, "percent_covered": 86.95652173913044, "percent_covered_display": "87", "missing_lines": 3, "excluded_lines": 0, "percent_statements_covered": 86.95652173913044, "percent_statements_covered_display": "87"}, "missing_lines": [456, 457, 468], "excluded_lines": [], "start_line": 423}, "ContextMapperWorkflow.get_workflow_status": {"executed_lines": [485, 487], "summary": {"covered_lines": 2, "num_statements": 2, "percent_covered": 100.0, "percent_covered_display": "100", "missing_lines": 0, "excluded_lines": 0, "percent_statements_covered": 100.0, "percent_statements_covered_display": "100"}, "missing_lines": [], "excluded_lines": [], "start_line": 483}, "": {"executed_lines": [7, 8, 9, 10, 11, 12, 13, 14, 16, 19, 20, 25, 26, 27, 30, 41, 54, 84, 100, 104, 108, 182, 236, 286, 362, 385, 411, 419, 423, 483], "summary": {"covered_lines": 30, "num_statements": 30, "percent_covered": 100.0, "percent_covered_display": "100", "missing_lines": 0, "excluded_lines": 0, "percent_statements_covered": 100.0, "percent_statements_covered_display": "100"}, "missing_lines": [], "excluded_lines": [], "start_line": 1}}, "classes": {"ContextMapperTool": {"executed_lines": [], "summary": {"covered_lines": 0, "num_statements": 0, "percent_covered": 100.0, "percent_covered_display": "100", "missing_lines": 0, "excluded_lines": 0, "percent_statements_covered": 100.0, "percent_statements_covered_display": "100"}, "missing_lines": [], "excluded_lines": [], "start_line": 20}, "ContextMapperIntegration": {"executed_lines": [43, 52, 56, 57, 58, 65, 68, 70, 71, 72, 76, 81, 82, 86, 88, 89, 90, 91, 94, 95, 96, 98, 102, 106, 118, 120, 131, 133, 136, 137, 139, 141, 142, 143, 144, 145, 146, 149, 150, 151, 152, 153, 154, 157, 158, 168, 180, 184, 186, 188, 217, 225, 226, 234, 238, 240, 242, 267, 275, 276, 284, 299, 301, 302, 310, 312, 314, 317, 318, 320, 322, 348, 350, 351, 352, 360, 369, 371, 387, 389, 390, 394, 395, 399, 400, 408], "summary": {"covered_lines": 86, "num_statements": 108, "percent_covered": 79.62962962962963, "percent_covered_display": "80", "missing_lines": 22, "excluded_lines": 0, "percent_statements_covered": 79.62962962962963, "percent_statements_covered_display": "80"}, "missing_lines": [74, 121, 129, 170, 171, 172, 195, 196, 198, 199, 200, 201, 209, 218, 249, 250, 251, 259, 268, 329, 330, 338], "excluded_lines": [], "start_line": 30}, "ContextMapperWorkflow": {"executed_lines": [421, 436, 437, 439, 442, 443, 444, 446, 447, 450, 451, 452, 453, 471, 472, 475, 476, 477, 478, 479, 481, 485, 487], "summary": {"covered_lines": 23, "num_statements": 26, "percent_covered": 88.46153846153847, "percent_covered_display": "88", "missing_lines": 3, "excluded_lines": 0, "percent_statements_covered": 88.46153846153847, "percent_statements_covered_display": "88"}, "missing_lines": [456, 457, 468], "excluded_lines": [], "start_line": 411}, "": {"executed_lines": [7, 8, 9, 10, 11, 12, 13, 14, 16, 19, 20, 25, 26, 27, 30, 41, 54, 84, 100, 104, 108, 182, 236, 286, 362, 385, 411, 419, 423, 483], "summary": {"covered_lines": 30, "num_statements": 30, "percent_covered": 100.0, "percent_covered_display": "100", "missing_lines": 0, "excluded_lines": 0, "percent_statements_covered": 100.0, "percent_statements_covered_display": "100"}, "missing_lines": [], "excluded_lines": [], "start_line": 1}}}, "src/context_mapper_json_converter/converter.py": {"executed_lines": [7, 8, 9, 11, 14, 22, 24, 25, 27, 31, 43, 62, 91, 137, 150, 151, 154, 155, 158, 161, 162, 163, 166, 169, 170, 171, 172, 175, 177, 178, 179, 181, 196, 198, 199, 200, 205, 209, 210, 216, 226, 228, 231, 232, 233, 235, 236, 237, 238, 240, 243, 251, 252, 253, 254, 258, 260, 263, 264, 265, 266, 267, 270, 271, 272, 274, 277, 279, 281, 282, 283, 289, 299, 301, 302, 303, 304, 305, 306, 307, 308, 309, 311, 313, 315, 317, 318, 319, 321, 323, 326, 329, 331, 332, 334, 335, 337, 339, 342, 345, 347, 348, 350, 355, 356, 359, 360, 366, 368, 381, 383, 387, 388, 394, 404, 406, 409, 410, 411, 412, 414, 415, 416, 417, 419, 422, 423, 424, 425, 430, 431, 432, 434, 437, 440, 441, 442, 443, 444, 447, 448, 449, 450, 453, 456, 457, 458, 459, 462, 465, 466, 467, 468, 471, 474, 475, 476, 477, 478, 480, 482, 483, 484, 490, 492, 493, 494, 495, 496, 498, 501, 502, 504, 507, 508, 509, 512, 513, 514, 516, 518, 524, 526, 527, 528, 529, 531, 534, 535, 536, 539, 540, 541, 543, 545, 551, 553, 554, 555, 557, 560, 561, 562, 564, 566, 572, 574, 575, 576, 578, 581, 582, 583, 585, 587, 593, 595, 596, 597, 599, 602, 603, 604, 606, 608, 614, 616, 617, 618, 620, 623, 624, 625, 627, 629, 635, 637, 638, 639, 640, 642, 644, 645, 646, 647, 649, 651, 653, 654, 655, 656, 659, 660, 661, 662, 663, 665, 668, 669, 670, 672, 673, 675, 677, 679], "summary": {"covered_lines": 265, "num_statements": 300, "percent_covered": 88.33333333333333, "percent_covered_display": "88", "missing_lines": 35, "excluded_lines": 0, "percent_statements_covered": 88.33333333333333, "percent_statements_covered_display": "88"}, "missing_lines": [212, 213, 214, 285, 286, 287, 351, 357, 362, 363, 364, 390, 391, 392, 486, 487, 488, 520, 521, 522, 547, 548, 549, 568, 569, 570, 589, 590, 591, 610, 611, 612, 631, 632, 633], "excluded_lines": [], "functions": {"ConverterEngine.__init__": {"executed_lines": [24, 25], "summary": {"covered_lines": 2, "num_statements": 2, "percent_covered": 100.0, "percent_covered_display": "100", "missing_lines": 0, "excluded_lines": 0, "percent_statements_covered": 100.0, "percent_statements_covered_display": "100"}, "missing_lines": [], "excluded_lines": [], "start_line": 22}, "ConverterEngine._setup_templates": {"executed_lines": [31, 43, 62, 91], "summary": {"covered_lines": 4, "num_statements": 4, "percent_covered": 100.0, "percent_covered_display": "100", "missing_lines": 0, "excluded_lines": 0, "percent_statements_covered": 100.0, "percent_statements_covered_display": "100"}, "missing_lines": [], "excluded_lines": [], "start_line": 27}, "ConverterEngine.convert": {"executed_lines": [150, 151, 154, 155, 158, 161, 162, 163, 166, 169, 170, 171, 172, 175, 177, 178, 179], "summary": {"covered_lines": 17, "num_statements": 17, "percent_covered": 100.0, "percent_covered_display": "100", "missing_lines": 0, "excluded_lines": 0, "percent_statements_covered": 100.0, "percent_statements_covered_display": "100"}, "missing_lines": [], "excluded_lines": [], "start_line": 137}, "ConverterEngine.convert_context_map": {"executed_lines": [196, 198, 199, 200, 205, 209, 210], "summary": {"covered_lines": 7, "num_statements": 10, "percent_covered": 70.0, "percent_covered_display": "70", "missing_lines": 3, "excluded_lines": 0, "percent_statements_covered": 70.0, "percent_statements_covered_display": "70"}, "missing_lines": [212, 213, 214], "excluded_lines": [], "start_line": 181}, "ConverterEngine.convert_bounded_context": {"executed_lines": [226, 228, 231, 232, 233, 235, 236, 237, 238, 240, 243, 251, 252, 253, 254, 258, 260, 263, 264, 265, 266, 267, 270, 271, 272, 274, 277, 279, 281, 282, 283], "summary": {"covered_lines": 31, "num_statements": 34, "percent_covered": 91.17647058823529, "percent_covered_display": "91", "missing_lines": 3, "excluded_lines": 0, "percent_statements_covered": 91.17647058823529, "percent_statements_covered_display": "91"}, "missing_lines": [285, 286, 287], "excluded_lines": [], "start_line": 216}, "ConverterEngine.convert_relationships": {"executed_lines": [299, 301, 302, 303, 304, 305, 306, 307, 308, 309, 311, 313, 315, 317, 318, 319, 321, 323, 326, 329, 331, 332, 334, 335, 337, 339, 342, 345, 347, 348, 350, 355, 356, 359, 360, 366], "summary": {"covered_lines": 36, "num_statements": 41, "percent_covered": 87.8048780487805, "percent_covered_display": "88", "missing_lines": 5, "excluded_lines": 0, "percent_statements_covered": 87.8048780487805, "percent_statements_covered_display": "88"}, "missing_lines": [351, 357, 362, 363, 364], "excluded_lines": [], "start_line": 289}, "ConverterEngine.convert_subdomains": {"executed_lines": [381, 383, 387, 388], "summary": {"covered_lines": 4, "num_statements": 7, "percent_covered": 57.142857142857146, "percent_covered_display": "57", "missing_lines": 3, "excluded_lines": 0, "percent_statements_covered": 57.142857142857146, "percent_statements_covered_display": "57"}, "missing_lines": [390, 391, 392], "excluded_lines": [], "start_line": 368}, "ConverterEngine.convert_aggregate": {"executed_lines": [404, 406, 409, 410, 411, 412, 414, 415, 416, 417, 419, 422, 423, 424, 425, 430, 431, 432, 434, 437, 440, 441, 442, 443, 444, 447, 448, 449, 450, 453, 456, 457, 458, 459, 462, 465, 466, 467, 468, 471, 474, 475, 476, 477, 478, 480, 482, 483, 484], "summary": {"covered_lines": 49, "num_statements": 52, "percent_covered": 94.23076923076923, "percent_covered_display": "94", "missing_lines": 3, "excluded_lines": 0, "percent_statements_covered": 94.23076923076923, "percent_statements_covered_display": "94"}, "missing_lines": [486, 487, 488], "excluded_lines": [], "start_line": 394}, "ConverterEngine.convert_entity": {"executed_lines": [492, 493, 494, 495, 496, 498, 501, 502, 504, 507, 508, 509, 512, 513, 514, 516, 518], "summary": {"covered_lines": 17, "num_statements": 20, "percent_covered": 85.0, "percent_covered_display": "85", "missing_lines": 3, "excluded_lines": 0, "percent_statements_covered": 85.0, "percent_statements_covered_display": "85"}, "missing_lines": [520, 521, 522], "excluded_lines": [], "start_line": 490}, "ConverterEngine.convert_value_object": {"executed_lines": [526, 527, 528, 529, 531, 534, 535, 536, 539, 540, 541, 543, 545], "summary": {"covered_lines": 13, "num_statements": 16, "percent_covered": 81.25, "percent_covered_display": "81", "missing_lines": 3, "excluded_lines": 0, "percent_statements_covered": 81.25, "percent_statements_covered_display": "81"}, "missing_lines": [547, 548, 549], "excluded_lines": [], "start_line": 524}, "ConverterEngine.convert_domain_event": {"executed_lines": [553, 554, 555, 557, 560, 561, 562, 564, 566], "summary": {"covered_lines": 9, "num_statements": 12, "percent_covered": 75.0, "percent_covered_display": "75", "missing_lines": 3, "excluded_lines": 0, "percent_statements_covered": 75.0, "percent_statements_covered_display": "75"}, "missing_lines": [568, 569, 570], "excluded_lines": [], "start_line": 551}, "ConverterEngine.convert_command": {"executed_lines": [574, 575, 576, 578, 581, 582, 583, 585, 587], "summary": {"covered_lines": 9, "num_statements": 12, "percent_covered": 75.0, "percent_covered_display": "75", "missing_lines": 3, "excluded_lines": 0, "percent_statements_covered": 75.0, "percent_statements_covered_display": "75"}, "missing_lines": [589, 590, 591], "excluded_lines": [], "start_line": 572}, "ConverterEngine.convert_service": {"executed_lines": [595, 596, 597, 599, 602, 603, 604, 606, 608], "summary": {"covered_lines": 9, "num_statements": 12, "percent_covered": 75.0, "percent_covered_display": "75", "missing_lines": 3, "excluded_lines": 0, "percent_statements_covered": 75.0, "percent_statements_covered_display": "75"}, "missing_lines": [610, 611, 612], "excluded_lines": [], "start_line": 593}, "ConverterEngine.convert_repository": {"executed_lines": [616, 617, 618, 620, 623, 624, 625, 627, 629], "summary": {"covered_lines": 9, "num_statements": 12, "percent_covered": 75.0, "percent_covered_display": "75", "missing_lines": 3, "excluded_lines": 0, "percent_statements_covered": 75.0, "percent_statements_covered_display": "75"}, "missing_lines": [631, 632, 633], "excluded_lines": [], "start_line": 614}, "ConverterEngine.convert_attribute": {"executed_lines": [637, 638, 639, 640, 642, 644, 645, 646, 647, 649], "summary": {"covered_lines": 10, "num_statements": 10, "percent_covered": 100.0, "percent_covered_display": "100", "missing_lines": 0, "excluded_lines": 0, "percent_statements_covered": 100.0, "percent_statements_covered_display": "100"}, "missing_lines": [], "excluded_lines": [], "start_line": 635}, "ConverterEngine.convert_operation": {"executed_lines": [653, 654, 655, 656, 659, 660, 661, 662, 663, 665, 668, 669, 670, 672, 673, 675, 677, 679], "summary": {"covered_lines": 18, "num_statements": 18, "percent_covered": 100.0, "percent_covered_display": "100", "missing_lines": 0, "excluded_lines": 0, "percent_statements_covered": 100.0, "percent_statements_covered_display": "100"}, "missing_lines": [], "excluded_lines": [], "start_line": 651}, "": {"executed_lines": [7, 8, 9, 11, 14, 22, 27, 137, 181, 216, 289, 368, 394, 490, 524, 551, 572, 593, 614, 635, 651], "summary": {"covered_lines": 21, "num_statements": 21, "percent_covered": 100.0, "percent_covered_display": "100", "missing_lines": 0, "excluded_lines": 0, "percent_statements_covered": 100.0, "percent_statements_covered_display": "100"}, "missing_lines": [], "excluded_lines": [], "start_line": 1}}, "classes": {"ConverterEngine": {"executed_lines": [24, 25, 31, 43, 62, 91, 150, 151, 154, 155, 158, 161, 162, 163, 166, 169, 170, 171, 172, 175, 177, 178, 179, 196, 198, 199, 200, 205, 209, 210, 226, 228, 231, 232, 233, 235, 236, 237, 238, 240, 243, 251, 252, 253, 254, 258, 260, 263, 264, 265, 266, 267, 270, 271, 272, 274, 277, 279, 281, 282, 283, 299, 301, 302, 303, 304, 305, 306, 307, 308, 309, 311, 313, 315, 317, 318, 319, 321, 323, 326, 329, 331, 332, 334, 335, 337, 339, 342, 345, 347, 348, 350, 355, 356, 359, 360, 366, 381, 383, 387, 388, 404, 406, 409, 410, 411, 412, 414, 415, 416, 417, 419, 422, 423, 424, 425, 430, 431, 432, 434, 437, 440, 441, 442, 443, 444, 447, 448, 449, 450, 453, 456, 457, 458, 459, 462, 465, 466, 467, 468, 471, 474, 475, 476, 477, 478, 480, 482, 483, 484, 492, 493, 494, 495, 496, 498, 501, 502, 504, 507, 508, 509, 512, 513, 514, 516, 518, 526, 527, 528, 529, 531, 534, 535, 536, 539, 540, 541, 543, 545, 553, 554, 555, 557, 560, 561, 562, 564, 566, 574, 575, 576, 578, 581, 582, 583, 585, 587, 595, 596, 597, 599, 602, 603, 604, 606, 608, 616, 617, 618, 620, 623, 624, 625, 627, 629, 637, 638, 639, 640, 642, 644, 645, 646, 647, 649, 653, 654, 655, 656, 659, 660, 661, 662, 663, 665, 668, 669, 670, 672, 673, 675, 677, 679], "summary": {"covered_lines": 244, "num_statements": 279, "percent_covered": 87.45519713261649, "percent_covered_display": "87", "missing_lines": 35, "excluded_lines": 0, "percent_statements_covered": 87.45519713261649, "percent_statements_covered_display": "87"}, "missing_lines": [212, 213, 214, 285, 286, 287, 351, 357, 362, 363, 364, 390, 391, 392, 486, 487, 488, 520, 521, 522, 547, 548, 549, 568, 569, 570, 589, 590, 591, 610, 611, 612, 631, 632, 633], "excluded_lines": [], "start_line": 14}, "": {"executed_lines": [7, 8, 9, 11, 14, 22, 27, 137, 181, 216, 289, 368, 394, 490, 524, 551, 572, 593, 614, 635, 651], "summary": {"covered_lines": 21, "num_statements": 21, "percent_covered": 100.0, "percent_covered_display": "100", "missing_lines": 0, "excluded_lines": 0, "percent_statements_covered": 100.0, "percent_statements_covered_display": "100"}, "missing_lines": [], "excluded_lines": [], "start_line": 1}}}, "src/context_mapper_json_converter/error_handler.py": {"executed_lines": [7, 10], "summary": {"covered_lines": 2, "num_statements": 2, "percent_covered": 100.0, "percent_covered_display": "100", "missing_lines": 0, "excluded_lines": 0, "percent_statements_covered": 100.0, "percent_statements_covered_display": "100"}, "missing_lines": [], "excluded_lines": [], "functions": {"": {"executed_lines": [7, 10], "summary": {"covered_lines": 2, "num_statements": 2, "percent_covered": 100.0, "percent_covered_display": "100", "missing_lines": 0, "excluded_lines": 0, "percent_statements_covered": 100.0, "percent_statements_covered_display": "100"}, "missing_lines": [], "excluded_lines": [], "start_line": 1}}, "classes": {"ErrorHandler": {"executed_lines": [], "summary": {"covered_lines": 0, "num_statements": 0, "percent_covered": 100.0, "percent_covered_display": "100", "missing_lines": 0, "excluded_lines": 0, "percent_statements_covered": 100.0, "percent_statements_covered_display": "100"}, "missing_lines": [], "excluded_lines": [], "start_line": 7}, "": {"executed_lines": [7, 10], "summary": {"covered_lines": 2, "num_statements": 2, "percent_covered": 100.0, "percent_covered_display": "100", "missing_lines": 0, "excluded_lines": 0, "percent_statements_covered": 100.0, "percent_statements_covered_display": "100"}, "missing_lines": [], "excluded_lines": [], "start_line": 1}}}, "src/context_mapper_json_converter/round_trip_validator.py": {"executed_lines": [7, 8, 9, 10, 11, 12, 13, 15, 18, 19, 28, 29, 32, 40, 42, 44, 48, 53, 56, 61, 66, 69, 72, 75, 78, 81, 84, 85, 88, 91, 96, 97, 100, 104, 114, 115, 116, 119, 120, 121, 124, 125, 126, 129, 130, 131, 133, 139, 141, 142, 144, 145, 148, 149, 150, 151, 152, 153, 154, 155, 156, 157, 159, 160, 161, 163, 165, 166, 167, 170, 173, 174, 177, 178, 179, 180, 189, 190, 191, 192, 197, 198, 199, 202, 203, 204, 212, 217, 218, 221, 222, 225, 226, 227, 228, 231, 233, 235, 237, 238, 239, 240, 242, 243, 246, 247, 248, 249, 250, 251, 252, 253, 254, 256, 258, 261, 262, 263, 264, 266, 267, 268, 269, 270, 273, 274, 275, 276, 279, 280, 281, 283, 286, 287, 288, 289, 291, 293, 295, 296, 297, 298, 300, 301, 304, 305, 306, 307, 309, 310, 311, 313, 315, 316, 317, 319, 320, 321, 322, 324, 327, 335, 337, 338, 339, 341, 354, 356, 358, 359, 362, 363, 368, 369, 374, 392, 393, 394, 395, 397, 411, 413, 426, 429, 430, 431, 441, 448, 449, 450, 460, 467, 468, 479, 481, 485, 488, 489, 490, 500, 501, 512, 513, 524, 525, 526, 538, 539, 540, 551, 553, 557, 560, 572, 573, 575, 576, 587, 590, 591, 592, 602, 614, 615, 616, 627, 629, 642, 644, 654, 656, 661, 662, 671, 672, 673, 674, 683, 697, 698, 699, 700, 702, 703, 711, 714, 733], "summary": {"covered_lines": 247, "num_statements": 268, "percent_covered": 92.16417910447761, "percent_covered_display": "92", "missing_lines": 21, "excluded_lines": 0, "percent_statements_covered": 92.16417910447761, "percent_statements_covered_display": "92"}, "missing_lines": [135, 136, 137, 282, 383, 401, 402, 403, 469, 491, 514, 527, 541, 561, 577, 593, 603, 617, 723, 724, 725], "excluded_lines": [], "functions": {"Discrepancy.__str__": {"executed_lines": [29], "summary": {"covered_lines": 1, "num_statements": 1, "percent_covered": 100.0, "percent_covered_display": "100", "missing_lines": 0, "excluded_lines": 0, "percent_statements_covered": 100.0, "percent_statements_covered_display": "100"}, "missing_lines": [], "excluded_lines": [], "start_line": 28}, "CMLParser.__init__": {"executed_lines": [42], "summary": {"covered_lines": 1, "num_statements": 1, "percent_covered": 100.0, "percent_covered_display": "100", "missing_lines": 0, "excluded_lines": 0, "percent_statements_covered": 100.0, "percent_statements_covered_display": "100"}, "missing_lines": [], "excluded_lines": [], "start_line": 40}, "CMLParser._setup_patterns": {"executed_lines": [48, 53, 56, 61, 66, 69, 72, 75, 78, 81, 84, 85, 88, 91, 96, 97, 100], "summary": {"covered_lines": 17, "num_statements": 17, "percent_covered": 100.0, "percent_covered_display": "100", "missing_lines": 0, "excluded_lines": 0, "percent_statements_covered": 100.0, "percent_statements_covered_display": "100"}, "missing_lines": [], "excluded_lines": [], "start_line": 44}, "CMLParser.parse_cml": {"executed_lines": [114, 115, 116, 119, 120, 121, 124, 125, 126, 129, 130, 131, 133], "summary": {"covered_lines": 13, "num_statements": 16, "percent_covered": 81.25, "percent_covered_display": "81", "missing_lines": 3, "excluded_lines": 0, "percent_statements_covered": 81.25, "percent_statements_covered_display": "81"}, "missing_lines": [135, 136, 137], "excluded_lines": [], "start_line": 104}, "CMLParser._parse_context_map": {"executed_lines": [141, 142, 144, 145, 148, 149, 150, 151, 152, 153, 154, 155, 156, 157, 159, 160, 161, 163, 165, 166, 167, 170, 173, 174, 177, 178, 179, 180, 189, 190, 191, 192, 197, 198, 199, 202, 203, 204, 212, 217, 218, 221, 222, 225, 226, 227, 228, 231, 233], "summary": {"covered_lines": 49, "num_statements": 49, "percent_covered": 100.0, "percent_covered_display": "100", "missing_lines": 0, "excluded_lines": 0, "percent_statements_covered": 100.0, "percent_statements_covered_display": "100"}, "missing_lines": [], "excluded_lines": [], "start_line": 139}, "CMLParser._parse_bounded_contexts": {"executed_lines": [237, 238, 239, 240, 242, 243, 246, 247, 248, 249, 250, 251, 252, 253, 254, 256, 258, 261, 262, 263, 264, 266, 267, 268, 269, 270, 273, 274, 275, 276, 279, 280, 281, 283, 286, 287, 288, 289, 291], "summary": {"covered_lines": 39, "num_statements": 40, "percent_covered": 97.5, "percent_covered_display": "98", "missing_lines": 1, "excluded_lines": 0, "percent_statements_covered": 97.5, "percent_statements_covered_display": "98"}, "missing_lines": [282], "excluded_lines": [], "start_line": 235}, "CMLParser._parse_domain": {"executed_lines": [295, 296, 297, 298, 300, 301, 304, 305, 306, 307, 309, 310, 311, 313, 315, 316, 317, 319, 320, 321, 322, 324], "summary": {"covered_lines": 22, "num_statements": 22, "percent_covered": 100.0, "percent_covered_display": "100", "missing_lines": 0, "excluded_lines": 0, "percent_statements_covered": 100.0, "percent_statements_covered_display": "100"}, "missing_lines": [], "excluded_lines": [], "start_line": 293}, "RoundTripValidator.__init__": {"executed_lines": [337, 338, 339], "summary": {"covered_lines": 3, "num_statements": 3, "percent_covered": 100.0, "percent_covered_display": "100", "missing_lines": 0, "excluded_lines": 0, "percent_statements_covered": 100.0, "percent_statements_covered_display": "100"}, "missing_lines": [], "excluded_lines": [], "start_line": 335}, "RoundTripValidator.validate_round_trip": {"executed_lines": [354, 356, 358, 359, 362, 363, 368, 369, 374, 392, 393, 394, 395, 397, 411], "summary": {"covered_lines": 15, "num_statements": 19, "percent_covered": 78.94736842105263, "percent_covered_display": "79", "missing_lines": 4, "excluded_lines": 0, "percent_statements_covered": 78.94736842105263, "percent_statements_covered_display": "79"}, "missing_lines": [383, 401, 402, 403], "excluded_lines": [], "start_line": 341}, "RoundTripValidator.compare_semantic_equivalence": {"executed_lines": [426, 429, 430, 431, 441, 448, 449, 450, 460, 467, 468, 479], "summary": {"covered_lines": 12, "num_statements": 13, "percent_covered": 92.3076923076923, "percent_covered_display": "92", "missing_lines": 1, "excluded_lines": 0, "percent_statements_covered": 92.3076923076923, "percent_statements_covered_display": "92"}, "missing_lines": [469], "excluded_lines": [], "start_line": 413}, "RoundTripValidator._compare_context_map": {"executed_lines": [485, 488, 489, 490, 500, 501, 512, 513, 524, 525, 526, 538, 539, 540, 551], "summary": {"covered_lines": 15, "num_statements": 19, "percent_covered": 78.94736842105263, "percent_covered_display": "79", "missing_lines": 4, "excluded_lines": 0, "percent_statements_covered": 78.94736842105263, "percent_statements_covered_display": "79"}, "missing_lines": [491, 514, 527, 541], "excluded_lines": [], "start_line": 481}, "RoundTripValidator._compare_bounded_contexts": {"executed_lines": [557, 560, 572, 573, 575, 576, 587, 590, 591, 592, 602, 614, 615, 616, 627], "summary": {"covered_lines": 15, "num_statements": 20, "percent_covered": 75.0, "percent_covered_display": "75", "missing_lines": 5, "excluded_lines": 0, "percent_statements_covered": 75.0, "percent_statements_covered_display": "75"}, "missing_lines": [561, 577, 593, 603, 617], "excluded_lines": [], "start_line": 553}, "RoundTripValidator.identify_discrepancies": {"executed_lines": [642], "summary": {"covered_lines": 1, "num_statements": 1, "percent_covered": 100.0, "percent_covered_display": "100", "missing_lines": 0, "excluded_lines": 0, "percent_statements_covered": 100.0, "percent_statements_covered_display": "100"}, "missing_lines": [], "excluded_lines": [], "start_line": 629}, "RoundTripValidator.validate_with_context_mapper": {"executed_lines": [654, 656, 661, 662, 671, 672, 673, 674, 683, 697, 698, 699, 700, 702, 703, 711, 714, 733], "summary": {"covered_lines": 18, "num_statements": 21, "percent_covered": 85.71428571428571, "percent_covered_display": "86", "missing_lines": 3, "excluded_lines": 0, "percent_statements_covered": 85.71428571428571, "percent_statements_covered_display": "86"}, "missing_lines": [723, 724, 725], "excluded_lines": [], "start_line": 644}, "": {"executed_lines": [7, 8, 9, 10, 11, 12, 13, 15, 18, 19, 28, 32, 40, 44, 104, 139, 235, 293, 327, 335, 341, 413, 481, 553, 629, 644], "summary": {"covered_lines": 26, "num_statements": 26, "percent_covered": 100.0, "percent_covered_display": "100", "missing_lines": 0, "excluded_lines": 0, "percent_statements_covered": 100.0, "percent_statements_covered_display": "100"}, "missing_lines": [], "excluded_lines": [], "start_line": 1}}, "classes": {"Discrepancy": {"executed_lines": [29], "summary": {"covered_lines": 1, "num_statements": 1, "percent_covered": 100.0, "percent_covered_display": "100", "missing_lines": 0, "excluded_lines": 0, "percent_statements_covered": 100.0, "percent_statements_covered_display": "100"}, "missing_lines": [], "excluded_lines": [], "start_line": 19}, "CMLParser": {"executed_lines": [42, 48, 53, 56, 61, 66, 69, 72, 75, 78, 81, 84, 85, 88, 91, 96, 97, 100, 114, 115, 116, 119, 120, 121, 124, 125, 126, 129, 130, 131, 133, 141, 142, 144, 145, 148, 149, 150, 151, 152, 153, 154, 155, 156, 157, 159, 160, 161, 163, 165, 166, 167, 170, 173, 174, 177, 178, 179, 180, 189, 190, 191, 192, 197, 198, 199, 202, 203, 204, 212, 217, 218, 221, 222, 225, 226, 227, 228, 231, 233, 237, 238, 239, 240, 242, 243, 246, 247, 248, 249, 250, 251, 252, 253, 254, 256, 258, 261, 262, 263, 264, 266, 267, 268, 269, 270, 273, 274, 275, 276, 279, 280, 281, 283, 286, 287, 288, 289, 291, 295, 296, 297, 298, 300, 301, 304, 305, 306, 307, 309, 310, 311, 313, 315, 316, 317, 319, 320, 321, 322, 324], "summary": {"covered_lines": 141, "num_statements": 145, "percent_covered": 97.24137931034483, "percent_covered_display": "97", "missing_lines": 4, "excluded_lines": 0, "percent_statements_covered": 97.24137931034483, "percent_statements_covered_display": "97"}, "missing_lines": [135, 136, 137, 282], "excluded_lines": [], "start_line": 32}, "RoundTripValidator": {"executed_lines": [337, 338, 339, 354, 356, 358, 359, 362, 363, 368, 369, 374, 392, 393, 394, 395, 397, 411, 426, 429, 430, 431, 441, 448, 449, 450, 460, 467, 468, 479, 485, 488, 489, 490, 500, 501, 512, 513, 524, 525, 526, 538, 539, 540, 551, 557, 560, 572, 573, 575, 576, 587, 590, 591, 592, 602, 614, 615, 616, 627, 642, 654, 656, 661, 662, 671, 672, 673, 674, 683, 697, 698, 699, 700, 702, 703, 711, 714, 733], "summary": {"covered_lines": 79, "num_statements": 96, "percent_covered": 82.29166666666667, "percent_covered_display": "82", "missing_lines": 17, "excluded_lines": 0, "percent_statements_covered": 82.29166666666667, "percent_statements_covered_display": "82"}, "missing_lines": [383, 401, 402, 403, 469, 491, 514, 527, 541, 561, 577, 593, 603, 617, 723, 724, 725], "excluded_lines": [], "start_line": 327}, "": {"executed_lines": [7, 8, 9, 10, 11, 12, 13, 15, 18, 19, 28, 32, 40, 44, 104, 139, 235, 293, 327, 335, 341, 413, 481, 553, 629, 644], "summary": {"covered_lines": 26, "num_statements": 26, "percent_covered": 100.0, "percent_covered_display": "100", "missing_lines": 0, "excluded_lines": 0, "percent_statements_covered": 100.0, "percent_statements_covered_display": "100"}, "missing_lines": [], "excluded_lines": [], "start_line": 1}}}, "src/context_mapper_json_converter/schemas/__init__.py": {"executed_lines": [], "summary": {"covered_lines": 0, "num_statements": 0, "percent_covered": 100.0, "percent_covered_display": "100", "missing_lines": 0, "excluded_lines": 0, "percent_statements_covered": 100.0, "percent_statements_covered_display": "100"}, "missing_lines": [], "excluded_lines": [], "functions": {"": {"executed_lines": [], "summary": {"covered_lines": 0, "num_statements": 0, "percent_covered": 100.0, "percent_covered_display": "100", "missing_lines": 0, "excluded_lines": 0, "percent_statements_covered": 100.0, "percent_statements_covered_display": "100"}, "missing_lines": [], "excluded_lines": [], "start_line": 1}}, "classes": {"": {"executed_lines": [], "summary": {"covered_lines": 0, "num_statements": 0, "percent_covered": 100.0, "percent_covered_display": "100", "missing_lines": 0, "excluded_lines": 0, "percent_statements_covered": 100.0, "percent_statements_covered_display": "100"}, "missing_lines": [], "excluded_lines": [], "start_line": 1}}}, "src/context_mapper_json_converter/schemas/bounded_context.py": {"executed_lines": [5, 317], "summary": {"covered_lines": 2, "num_statements": 2, "percent_covered": 100.0, "percent_covered_display": "100", "missing_lines": 0, "excluded_lines": 0, "percent_statements_covered": 100.0, "percent_statements_covered_display": "100"}, "missing_lines": [], "excluded_lines": [], "functions": {"": {"executed_lines": [5, 317], "summary": {"covered_lines": 2, "num_statements": 2, "percent_covered": 100.0, "percent_covered_display": "100", "missing_lines": 0, "excluded_lines": 0, "percent_statements_covered": 100.0, "percent_statements_covered_display": "100"}, "missing_lines": [], "excluded_lines": [], "start_line": 1}}, "classes": {"": {"executed_lines": [5, 317], "summary": {"covered_lines": 2, "num_statements": 2, "percent_covered": 100.0, "percent_covered_display": "100", "missing_lines": 0, "excluded_lines": 0, "percent_statements_covered": 100.0, "percent_statements_covered_display": "100"}, "missing_lines": [], "excluded_lines": [], "start_line": 1}}}, "src/context_mapper_json_converter/schemas/context_map.py": {"executed_lines": [5, 103], "summary": {"covered_lines": 2, "num_statements": 2, "percent_covered": 100.0, "percent_covered_display": "100", "missing_lines": 0, "excluded_lines": 0, "percent_statements_covered": 100.0, "percent_statements_covered_display": "100"}, "missing_lines": [], "excluded_lines": [], "functions": {"": {"executed_lines": [5, 103], "summary": {"covered_lines": 2, "num_statements": 2, "percent_covered": 100.0, "percent_covered_display": "100", "missing_lines": 0, "excluded_lines": 0, "percent_statements_covered": 100.0, "percent_statements_covered_display": "100"}, "missing_lines": [], "excluded_lines": [], "start_line": 1}}, "classes": {"": {"executed_lines": [5, 103], "summary": {"covered_lines": 2, "num_statements": 2, "percent_covered": 100.0, "percent_covered_display": "100", "missing_lines": 0, "excluded_lines": 0, "percent_statements_covered": 100.0, "percent_statements_covered_display": "100"}, "missing_lines": [], "excluded_lines": [], "start_line": 1}}}, "src/context_mapper_json_converter/schemas/subdomain.py": {"executed_lines": [5, 46], "summary": {"covered_lines": 2, "num_statements": 2, "percent_covered": 100.0, "percent_covered_display": "100", "missing_lines": 0, "excluded_lines": 0, "percent_statements_covered": 100.0, "percent_statements_covered_display": "100"}, "missing_lines": [], "excluded_lines": [], "functions": {"": {"executed_lines": [5, 46], "summary": {"covered_lines": 2, "num_statements": 2, "percent_covered": 100.0, "percent_covered_display": "100", "missing_lines": 0, "excluded_lines": 0, "percent_statements_covered": 100.0, "percent_statements_covered_display": "100"}, "missing_lines": [], "excluded_lines": [], "start_line": 1}}, "classes": {"": {"executed_lines": [5, 46], "summary": {"covered_lines": 2, "num_statements": 2, "percent_covered": 100.0, "percent_covered_display": "100", "missing_lines": 0, "excluded_lines": 0, "percent_statements_covered": 100.0, "percent_statements_covered_display": "100"}, "missing_lines": [], "excluded_lines": [], "start_line": 1}}}, "src/context_mapper_json_converter/validation.py": {"executed_lines": [5, 6, 7, 8, 13, 14, 18, 20, 23, 24, 30, 31, 32, 34, 36, 37, 38, 41, 42, 49, 51, 53, 56, 57, 59, 61, 62, 64, 66, 68, 69, 71, 73, 76, 86, 88, 89, 90, 92, 102, 104, 106, 107, 109, 110, 114, 115, 118, 119, 121, 122, 123, 131, 133, 137, 138, 139, 140, 141, 147, 148, 150, 154, 164, 165, 166, 167, 168, 169, 175, 176, 178, 182, 192, 193, 194, 195, 206, 211, 212, 213, 223, 233, 235, 236, 237, 240, 254, 256, 264, 267, 268, 269, 270, 280, 281, 282, 283, 286, 287, 296, 297, 307, 308, 317, 321, 323, 324, 325, 328, 329, 338, 341, 342, 343, 348, 349, 358, 368, 370, 371, 372, 386, 388, 395, 398, 399, 400, 401, 402, 411, 415, 419, 420, 421, 422, 423, 424, 425, 426, 427, 429, 431, 441, 443, 444, 445, 448, 449, 450, 451, 457], "summary": {"covered_lines": 152, "num_statements": 174, "percent_covered": 87.35632183908046, "percent_covered_display": "87", "missing_lines": 22, "excluded_lines": 0, "percent_statements_covered": 87.35632183908046, "percent_statements_covered_display": "87"}, "missing_lines": [52, 54, 155, 162, 183, 190, 196, 197, 203, 204, 214, 244, 245, 246, 345, 376, 377, 378, 416, 428, 454, 455], "excluded_lines": [], "functions": {"ValidationError.__str__": {"executed_lines": [36, 37, 38], "summary": {"covered_lines": 3, "num_statements": 3, "percent_covered": 100.0, "percent_covered_display": "100", "missing_lines": 0, "excluded_lines": 0, "percent_statements_covered": 100.0, "percent_statements_covered_display": "100"}, "missing_lines": [], "excluded_lines": [], "start_line": 34}, "ValidationResult.__post_init__": {"executed_lines": [51, 53], "summary": {"covered_lines": 2, "num_statements": 4, "percent_covered": 50.0, "percent_covered_display": "50", "missing_lines": 2, "excluded_lines": 0, "percent_statements_covered": 50.0, "percent_statements_covered_display": "50"}, "missing_lines": [52, 54], "excluded_lines": [], "start_line": 49}, "ValidationResult.has_errors": {"executed_lines": [59], "summary": {"covered_lines": 1, "num_statements": 1, "percent_covered": 100.0, "percent_covered_display": "100", "missing_lines": 0, "excluded_lines": 0, "percent_statements_covered": 100.0, "percent_statements_covered_display": "100"}, "missing_lines": [], "excluded_lines": [], "start_line": 57}, "ValidationResult.has_warnings": {"executed_lines": [64], "summary": {"covered_lines": 1, "num_statements": 1, "percent_covered": 100.0, "percent_covered_display": "100", "missing_lines": 0, "excluded_lines": 0, "percent_statements_covered": 100.0, "percent_statements_covered_display": "100"}, "missing_lines": [], "excluded_lines": [], "start_line": 62}, "ValidationResult.add_error": {"executed_lines": [68, 69], "summary": {"covered_lines": 2, "num_statements": 2, "percent_covered": 100.0, "percent_covered_display": "100", "missing_lines": 0, "excluded_lines": 0, "percent_statements_covered": 100.0, "percent_statements_covered_display": "100"}, "missing_lines": [], "excluded_lines": [], "start_line": 66}, "ValidationResult.add_warning": {"executed_lines": [73], "summary": {"covered_lines": 1, "num_statements": 1, "percent_covered": 100.0, "percent_covered_display": "100", "missing_lines": 0, "excluded_lines": 0, "percent_statements_covered": 100.0, "percent_statements_covered_display": "100"}, "missing_lines": [], "excluded_lines": [], "start_line": 71}, "ValidationEngine.__init__": {"executed_lines": [88, 89, 90], "summary": {"covered_lines": 3, "num_statements": 3, "percent_covered": 100.0, "percent_covered_display": "100", "missing_lines": 0, "excluded_lines": 0, "percent_statements_covered": 100.0, "percent_statements_covered_display": "100"}, "missing_lines": [], "excluded_lines": [], "start_line": 86}, "ValidationEngine.validate_json_schema": {"executed_lines": [102, 104, 106, 107, 109, 110, 114, 115, 118, 119, 121, 122, 123, 131], "summary": {"covered_lines": 14, "num_statements": 14, "percent_covered": 100.0, "percent_covered_display": "100", "missing_lines": 0, "excluded_lines": 0, "percent_statements_covered": 100.0, "percent_statements_covered_display": "100"}, "missing_lines": [], "excluded_lines": [], "start_line": 92}, "ValidationEngine._validate_context_map_schema": {"executed_lines": [137, 138, 139, 140, 141, 147, 148], "summary": {"covered_lines": 7, "num_statements": 7, "percent_covered": 100.0, "percent_covered_display": "100", "missing_lines": 0, "excluded_lines": 0, "percent_statements_covered": 100.0, "percent_statements_covered_display": "100"}, "missing_lines": [], "excluded_lines": [], "start_line": 133}, "ValidationEngine._validate_bounded_contexts_schema": {"executed_lines": [154, 164, 165, 166, 167, 168, 169, 175, 176], "summary": {"covered_lines": 9, "num_statements": 11, "percent_covered": 81.81818181818181, "percent_covered_display": "82", "missing_lines": 2, "excluded_lines": 0, "percent_statements_covered": 81.81818181818181, "percent_statements_covered_display": "82"}, "missing_lines": [155, 162], "excluded_lines": [], "start_line": 150}, "ValidationEngine._validate_subdomains_schema": {"executed_lines": [182, 192, 193, 194, 195], "summary": {"covered_lines": 5, "num_statements": 11, "percent_covered": 45.45454545454545, "percent_covered_display": "45", "missing_lines": 6, "excluded_lines": 0, "percent_statements_covered": 45.45454545454545, "percent_statements_covered_display": "45"}, "missing_lines": [183, 190, 196, 197, 203, 204], "excluded_lines": [], "start_line": 178}, "ValidationEngine._validate_complete_structure_schema": {"executed_lines": [211, 212, 213], "summary": {"covered_lines": 3, "num_statements": 4, "percent_covered": 75.0, "percent_covered_display": "75", "missing_lines": 1, "excluded_lines": 0, "percent_statements_covered": 75.0, "percent_statements_covered_display": "75"}, "missing_lines": [214], "excluded_lines": [], "start_line": 206}, "ValidationEngine.validate_semantic_rules": {"executed_lines": [233, 235, 236, 237, 240, 254], "summary": {"covered_lines": 6, "num_statements": 9, "percent_covered": 66.66666666666667, "percent_covered_display": "67", "missing_lines": 3, "excluded_lines": 0, "percent_statements_covered": 66.66666666666667, "percent_statements_covered_display": "67"}, "missing_lines": [244, 245, 246], "excluded_lines": [], "start_line": 223}, "ValidationEngine._validate_context_map_semantics": {"executed_lines": [264, 267, 268, 269, 270, 280, 281, 282, 283, 286, 287, 296, 297, 307, 308], "summary": {"covered_lines": 15, "num_statements": 15, "percent_covered": 100.0, "percent_covered_display": "100", "missing_lines": 0, "excluded_lines": 0, "percent_statements_covered": 100.0, "percent_statements_covered_display": "100"}, "missing_lines": [], "excluded_lines": [], "start_line": 256}, "ValidationEngine._validate_bounded_context_semantics": {"executed_lines": [321, 323, 324, 325, 328, 329, 338, 341, 342, 343, 348, 349], "summary": {"covered_lines": 12, "num_statements": 13, "percent_covered": 92.3076923076923, "percent_covered_display": "92", "missing_lines": 1, "excluded_lines": 0, "percent_statements_covered": 92.3076923076923, "percent_statements_covered_display": "92"}, "missing_lines": [345], "excluded_lines": [], "start_line": 317}, "ValidationEngine.validate_references": {"executed_lines": [368, 370, 371, 372, 386], "summary": {"covered_lines": 5, "num_statements": 8, "percent_covered": 62.5, "percent_covered_display": "62", "missing_lines": 3, "excluded_lines": 0, "percent_statements_covered": 62.5, "percent_statements_covered_display": "62"}, "missing_lines": [376, 377, 378], "excluded_lines": [], "start_line": 358}, "ValidationEngine._validate_cross_references": {"executed_lines": [395, 398, 399, 400, 401, 402], "summary": {"covered_lines": 6, "num_statements": 6, "percent_covered": 100.0, "percent_covered_display": "100", "missing_lines": 0, "excluded_lines": 0, "percent_statements_covered": 100.0, "percent_statements_covered_display": "100"}, "missing_lines": [], "excluded_lines": [], "start_line": 388}, "ValidationEngine._get_schema_error_suggestion": {"executed_lines": [415, 419, 420, 421, 422, 423, 424, 425, 426, 427, 429], "summary": {"covered_lines": 11, "num_statements": 13, "percent_covered": 84.61538461538461, "percent_covered_display": "85", "missing_lines": 2, "excluded_lines": 0, "percent_statements_covered": 84.61538461538461, "percent_statements_covered_display": "85"}, "missing_lines": [416, 428], "excluded_lines": [], "start_line": 411}, "ValidationEngine.get_validation_suggestions": {"executed_lines": [441, 443, 444, 445, 448, 449, 450, 451, 457], "summary": {"covered_lines": 9, "num_statements": 11, "percent_covered": 81.81818181818181, "percent_covered_display": "82", "missing_lines": 2, "excluded_lines": 0, "percent_statements_covered": 81.81818181818181, "percent_statements_covered_display": "82"}, "missing_lines": [454, 455], "excluded_lines": [], "start_line": 431}, "": {"executed_lines": [5, 6, 7, 8, 13, 14, 18, 20, 23, 24, 30, 31, 32, 34, 41, 42, 49, 56, 57, 61, 62, 66, 71, 76, 86, 92, 133, 150, 178, 206, 223, 256, 317, 358, 388, 411, 431], "summary": {"covered_lines": 37, "num_statements": 37, "percent_covered": 100.0, "percent_covered_display": "100", "missing_lines": 0, "excluded_lines": 0, "percent_statements_covered": 100.0, "percent_statements_covered_display": "100"}, "missing_lines": [], "excluded_lines": [], "start_line": 1}}, "classes": {"ValidationError": {"executed_lines": [36, 37, 38], "summary": {"covered_lines": 3, "num_statements": 3, "percent_covered": 100.0, "percent_covered_display": "100", "missing_lines": 0, "excluded_lines": 0, "percent_statements_covered": 100.0, "percent_statements_covered_display": "100"}, "missing_lines": [], "excluded_lines": [], "start_line": 24}, "ValidationResult": {"executed_lines": [51, 53, 59, 64, 68, 69, 73], "summary": {"covered_lines": 7, "num_statements": 9, "percent_covered": 77.77777777777777, "percent_covered_display": "78", "missing_lines": 2, "excluded_lines": 0, "percent_statements_covered": 77.77777777777777, "percent_statements_covered_display": "78"}, "missing_lines": [52, 54], "excluded_lines": [], "start_line": 42}, "ValidationEngine": {"executed_lines": [88, 89, 90, 102, 104, 106, 107, 109, 110, 114, 115, 118, 119, 121, 122, 123, 131, 137, 138, 139, 140, 141, 147, 148, 154, 164, 165, 166, 167, 168, 169, 175, 176, 182, 192, 193, 194, 195, 211, 212, 213, 233, 235, 236, 237, 240, 254, 264, 267, 268, 269, 270, 280, 281, 282, 283, 286, 287, 296, 297, 307, 308, 321, 323, 324, 325, 328, 329, 338, 341, 342, 343, 348, 349, 368, 370, 371, 372, 386, 395, 398, 399, 400, 401, 402, 415, 419, 420, 421, 422, 423, 424, 425, 426, 427, 429, 441, 443, 444, 445, 448, 449, 450, 451, 457], "summary": {"covered_lines": 105, "num_statements": 125, "percent_covered": 84.0, "percent_covered_display": "84", "missing_lines": 20, "excluded_lines": 0, "percent_statements_covered": 84.0, "percent_statements_covered_display": "84"}, "missing_lines": [155, 162, 183, 190, 196, 197, 203, 204, 214, 244, 245, 246, 345, 376, 377, 378, 416, 428, 454, 455], "excluded_lines": [], "start_line": 76}, "": {"executed_lines": [5, 6, 7, 8, 13, 14, 18, 20, 23, 24, 30, 31, 32, 34, 41, 42, 49, 56, 57, 61, 62, 66, 71, 76, 86, 92, 133, 150, 178, 206, 223, 256, 317, 358, 388, 411, 431], "summary": {"covered_lines": 37, "num_statements": 37, "percent_covered": 100.0, "percent_covered_display": "100", "missing_lines": 0, "excluded_lines": 0, "percent_statements_covered": 100.0, "percent_statements_covered_display": "100"}, "missing_lines": [], "excluded_lines": [], "start_line": 1}}}}, "totals": {"covered_lines": 1207, "num_statements": 1339, "percent_covered": 90.14189693801345, "percent_covered_display": "90", "missing_lines": 132, "excluded_lines": 2, "percent_statements_covered": 90.14189693801345, "percent_statements_covered_display": "90"}}